[2025-10-22 10:00:25,515] INFO [QuorumController id=1] In the last 60000 ms period, 326 controller events were completed, which took an average of 9,72 ms each. The slowest event was writeNoOpRecord(546736739), which took 27,19 ms. (org.apache.kafka.controller.EventPerformanceMonitor)
[2025-10-22 10:01:25,504] INFO [QuorumController id=1] Periodic task electPreferred generated 0 records in 33 microseconds. (org.apache.kafka.controller.PeriodicTaskControlManager)
[2025-10-22 10:01:25,505] INFO [QuorumController id=1] Periodic task electUnclean generated 0 records in 23 microseconds. (org.apache.kafka.controller.PeriodicTaskControlManager)
[2025-10-22 10:01:25,516] INFO [QuorumController id=1] In the last 60000 ms period, 326 controller events were completed, which took an average of 9,71 ms each. The slowest event was writeNoOpRecord(881938357), which took 27,56 ms. (org.apache.kafka.controller.EventPerformanceMonitor)
[2025-10-22 10:02:25,517] INFO [QuorumController id=1] In the last 60000 ms period, 324 controller events were completed, which took an average of 9,71 ms each. The slowest event was writeNoOpRecord(1975390172), which took 26,91 ms. (org.apache.kafka.controller.EventPerformanceMonitor)
[2025-10-22 10:03:25,518] INFO [QuorumController id=1] In the last 60000 ms period, 325 controller events were completed, which took an average of 9,94 ms each. The slowest event was writeNoOpRecord(344191617), which took 27,62 ms. (org.apache.kafka.controller.EventPerformanceMonitor)
[2025-10-22 10:04:25,519] INFO [QuorumController id=1] In the last 60000 ms period, 324 controller events were completed, which took an average of 10,43 ms each. The slowest event was writeNoOpRecord(704042009), which took 27,29 ms. (org.apache.kafka.controller.EventPerformanceMonitor)
[2025-10-22 10:05:25,520] INFO [QuorumController id=1] In the last 60000 ms period, 324 controller events were completed, which took an average of 9,80 ms each. The slowest event was writeNoOpRecord(1768353030), which took 28,09 ms. (org.apache.kafka.controller.EventPerformanceMonitor)
[2025-10-22 10:06:25,505] INFO [QuorumController id=1] Periodic task electPreferred generated 0 records in 13 microseconds. (org.apache.kafka.controller.PeriodicTaskControlManager)
[2025-10-22 10:06:25,505] INFO [QuorumController id=1] Periodic task electUnclean generated 0 records in 10 microseconds. (org.apache.kafka.controller.PeriodicTaskControlManager)
[2025-10-22 10:06:25,520] INFO [QuorumController id=1] In the last 60000 ms period, 327 controller events were completed, which took an average of 9,78 ms each. The slowest event was writeNoOpRecord(907931208), which took 27,77 ms. (org.apache.kafka.controller.EventPerformanceMonitor)
[2025-10-22 10:07:25,521] INFO [QuorumController id=1] In the last 60000 ms period, 324 controller events were completed, which took an average of 9,80 ms each. The slowest event was writeNoOpRecord(1855104334), which took 27,60 ms. (org.apache.kafka.controller.EventPerformanceMonitor)
[2025-10-22 10:08:25,522] INFO [QuorumController id=1] In the last 60000 ms period, 324 controller events were completed, which took an average of 9,85 ms each. The slowest event was writeNoOpRecord(579894471), which took 27,45 ms. (org.apache.kafka.controller.EventPerformanceMonitor)
[2025-10-22 10:09:25,522] INFO [QuorumController id=1] In the last 60000 ms period, 324 controller events were completed, which took an average of 9,84 ms each. The slowest event was writeNoOpRecord(1518661848), which took 27,76 ms. (org.apache.kafka.controller.EventPerformanceMonitor)
[2025-10-22 10:10:25,523] INFO [QuorumController id=1] In the last 60000 ms period, 325 controller events were completed, which took an average of 10,47 ms each. The slowest event was writeNoOpRecord(1256323629), which took 27,47 ms. (org.apache.kafka.controller.EventPerformanceMonitor)
[2025-10-22 10:11:25,505] INFO [QuorumController id=1] Periodic task electPreferred generated 0 records in 53 microseconds. (org.apache.kafka.controller.PeriodicTaskControlManager)
[2025-10-22 10:11:25,506] INFO [QuorumController id=1] Periodic task electUnclean generated 0 records in 36 microseconds. (org.apache.kafka.controller.PeriodicTaskControlManager)
[2025-10-22 10:11:25,524] INFO [QuorumController id=1] In the last 60000 ms period, 326 controller events were completed, which took an average of 9,77 ms each. The slowest event was writeNoOpRecord(263754998), which took 27,15 ms. (org.apache.kafka.controller.EventPerformanceMonitor)
[2025-10-22 10:12:25,524] INFO [QuorumController id=1] In the last 60000 ms period, 324 controller events were completed, which took an average of 9,69 ms each. The slowest event was writeNoOpRecord(810317747), which took 26,80 ms. (org.apache.kafka.controller.EventPerformanceMonitor)
[2025-10-22 10:13:25,525] INFO [QuorumController id=1] In the last 60000 ms period, 323 controller events were completed, which took an average of 9,62 ms each. The slowest event was writeNoOpRecord(1169484499), which took 26,83 ms. (org.apache.kafka.controller.EventPerformanceMonitor)
[2025-10-22 10:14:25,525] INFO [QuorumController id=1] In the last 60000 ms period, 324 controller events were completed, which took an average of 9,72 ms each. The slowest event was writeNoOpRecord(24357024), which took 27,15 ms. (org.apache.kafka.controller.EventPerformanceMonitor)
[2025-10-22 10:15:25,526] INFO [QuorumController id=1] In the last 60000 ms period, 324 controller events were completed, which took an average of 9,66 ms each. The slowest event was writeNoOpRecord(1823158203), which took 27,48 ms. (org.apache.kafka.controller.EventPerformanceMonitor)
[2025-10-22 10:16:25,506] INFO [QuorumController id=1] Periodic task electPreferred generated 0 records in 34 microseconds. (org.apache.kafka.controller.PeriodicTaskControlManager)
[2025-10-22 10:16:25,506] INFO [QuorumController id=1] Periodic task electUnclean generated 0 records in 22 microseconds. (org.apache.kafka.controller.PeriodicTaskControlManager)
[2025-10-22 10:16:25,526] INFO [QuorumController id=1] In the last 60000 ms period, 327 controller events were completed, which took an average of 9,55 ms each. The slowest event was writeNoOpRecord(1511486030), which took 27,42 ms. (org.apache.kafka.controller.EventPerformanceMonitor)
[2025-10-22 10:17:25,527] INFO [QuorumController id=1] In the last 60000 ms period, 324 controller events were completed, which took an average of 9,82 ms each. The slowest event was writeNoOpRecord(923607287), which took 27,35 ms. (org.apache.kafka.controller.EventPerformanceMonitor)
[2025-10-22 10:18:25,528] INFO [QuorumController id=1] In the last 60000 ms period, 324 controller events were completed, which took an average of 10,32 ms each. The slowest event was writeNoOpRecord(2115518721), which took 26,95 ms. (org.apache.kafka.controller.EventPerformanceMonitor)
[2025-10-22 10:19:25,529] INFO [QuorumController id=1] In the last 60000 ms period, 325 controller events were completed, which took an average of 9,64 ms each. The slowest event was writeNoOpRecord(209796735), which took 27,09 ms. (org.apache.kafka.controller.EventPerformanceMonitor)
[2025-10-22 10:20:25,529] INFO [QuorumController id=1] In the last 60000 ms period, 324 controller events were completed, which took an average of 9,69 ms each. The slowest event was writeNoOpRecord(502796945), which took 27,29 ms. (org.apache.kafka.controller.EventPerformanceMonitor)
[2025-10-22 10:21:25,506] INFO [QuorumController id=1] Periodic task electPreferred generated 0 records in 28 microseconds. (org.apache.kafka.controller.PeriodicTaskControlManager)
[2025-10-22 10:21:25,506] INFO [QuorumController id=1] Periodic task electUnclean generated 0 records in 28 microseconds. (org.apache.kafka.controller.PeriodicTaskControlManager)
[2025-10-22 10:21:25,530] INFO [QuorumController id=1] In the last 60000 ms period, 326 controller events were completed, which took an average of 9,60 ms each. The slowest event was writeNoOpRecord(673454883), which took 27,27 ms. (org.apache.kafka.controller.EventPerformanceMonitor)
[2025-10-22 10:22:25,530] INFO [QuorumController id=1] In the last 60000 ms period, 325 controller events were completed, which took an average of 9,59 ms each. The slowest event was writeNoOpRecord(167822842), which took 27,08 ms. (org.apache.kafka.controller.EventPerformanceMonitor)
[2025-10-22 10:23:25,531] INFO [QuorumController id=1] In the last 60000 ms period, 324 controller events were completed, which took an average of 9,72 ms each. The slowest event was writeNoOpRecord(764460997), which took 27,29 ms. (org.apache.kafka.controller.EventPerformanceMonitor)
[2025-10-22 10:24:25,531] INFO [QuorumController id=1] In the last 60000 ms period, 324 controller events were completed, which took an average of 9,81 ms each. The slowest event was writeNoOpRecord(1423198647), which took 26,91 ms. (org.apache.kafka.controller.EventPerformanceMonitor)
[2025-10-22 10:25:25,532] INFO [QuorumController id=1] In the last 60000 ms period, 325 controller events were completed, which took an average of 10,41 ms each. The slowest event was writeNoOpRecord(1425749200), which took 27,02 ms. (org.apache.kafka.controller.EventPerformanceMonitor)
[2025-10-22 10:26:25,507] INFO [QuorumController id=1] Periodic task electPreferred generated 0 records in 37 microseconds. (org.apache.kafka.controller.PeriodicTaskControlManager)
[2025-10-22 10:26:25,507] INFO [QuorumController id=1] Periodic task electUnclean generated 0 records in 29 microseconds. (org.apache.kafka.controller.PeriodicTaskControlManager)
[2025-10-22 10:26:25,533] INFO [QuorumController id=1] In the last 60000 ms period, 326 controller events were completed, which took an average of 9,53 ms each. The slowest event was writeNoOpRecord(2103307549), which took 27,38 ms. (org.apache.kafka.controller.EventPerformanceMonitor)
[2025-10-22 10:27:25,533] INFO [QuorumController id=1] In the last 60000 ms period, 324 controller events were completed, which took an average of 9,77 ms each. The slowest event was writeNoOpRecord(320437160), which took 26,93 ms. (org.apache.kafka.controller.EventPerformanceMonitor)
[2025-10-22 10:28:25,534] INFO [QuorumController id=1] In the last 60000 ms period, 324 controller events were completed, which took an average of 9,59 ms each. The slowest event was writeNoOpRecord(1614937938), which took 26,55 ms. (org.apache.kafka.controller.EventPerformanceMonitor)
[2025-10-22 10:29:25,534] INFO [QuorumController id=1] In the last 60000 ms period, 322 controller events were completed, which took an average of 9,51 ms each. The slowest event was writeNoOpRecord(860937578), which took 26,71 ms. (org.apache.kafka.controller.EventPerformanceMonitor)
[2025-10-22 10:30:25,535] INFO [QuorumController id=1] In the last 60000 ms period, 324 controller events were completed, which took an average of 9,58 ms each. The slowest event was writeNoOpRecord(763849855), which took 27,01 ms. (org.apache.kafka.controller.EventPerformanceMonitor)
[2025-10-22 10:31:25,507] INFO [QuorumController id=1] Periodic task electPreferred generated 0 records in 40 microseconds. (org.apache.kafka.controller.PeriodicTaskControlManager)
[2025-10-22 10:31:25,508] INFO [QuorumController id=1] Periodic task electUnclean generated 0 records in 30 microseconds. (org.apache.kafka.controller.PeriodicTaskControlManager)
[2025-10-22 10:31:25,536] INFO [QuorumController id=1] In the last 60000 ms period, 327 controller events were completed, which took an average of 9,52 ms each. The slowest event was writeNoOpRecord(1468832488), which took 26,83 ms. (org.apache.kafka.controller.EventPerformanceMonitor)
[2025-10-22 10:32:25,537] INFO [QuorumController id=1] In the last 60000 ms period, 324 controller events were completed, which took an average of 9,83 ms each. The slowest event was writeNoOpRecord(1041246290), which took 26,83 ms. (org.apache.kafka.controller.EventPerformanceMonitor)
[2025-10-22 10:33:25,537] INFO [QuorumController id=1] In the last 60000 ms period, 324 controller events were completed, which took an average of 10,15 ms each. The slowest event was writeNoOpRecord(1609683133), which took 27,07 ms. (org.apache.kafka.controller.EventPerformanceMonitor)
[2025-10-22 10:34:25,538] INFO [QuorumController id=1] In the last 60000 ms period, 325 controller events were completed, which took an average of 9,56 ms each. The slowest event was writeNoOpRecord(1847076269), which took 26,58 ms. (org.apache.kafka.controller.EventPerformanceMonitor)
[2025-10-22 10:35:25,538] INFO [QuorumController id=1] In the last 60000 ms period, 324 controller events were completed, which took an average of 9,58 ms each. The slowest event was writeNoOpRecord(1076900079), which took 26,94 ms. (org.apache.kafka.controller.EventPerformanceMonitor)
[2025-10-22 10:36:25,508] INFO [QuorumController id=1] Periodic task electPreferred generated 0 records in 34 microseconds. (org.apache.kafka.controller.PeriodicTaskControlManager)
[2025-10-22 10:36:25,509] INFO [QuorumController id=1] Periodic task electUnclean generated 0 records in 40 microseconds. (org.apache.kafka.controller.PeriodicTaskControlManager)
[2025-10-22 10:36:25,539] INFO [QuorumController id=1] In the last 60000 ms period, 326 controller events were completed, which took an average of 9,55 ms each. The slowest event was writeNoOpRecord(2028148600), which took 26,70 ms. (org.apache.kafka.controller.EventPerformanceMonitor)
[2025-10-22 10:37:25,540] INFO [QuorumController id=1] In the last 60000 ms period, 324 controller events were completed, which took an average of 9,63 ms each. The slowest event was writeNoOpRecord(944654731), which took 26,92 ms. (org.apache.kafka.controller.EventPerformanceMonitor)
[2025-10-22 10:38:25,541] INFO [QuorumController id=1] In the last 60000 ms period, 325 controller events were completed, which took an average of 9,64 ms each. The slowest event was writeNoOpRecord(1620278944), which took 26,79 ms. (org.apache.kafka.controller.EventPerformanceMonitor)
[2025-10-22 10:39:25,541] INFO [QuorumController id=1] In the last 60000 ms period, 324 controller events were completed, which took an average of 9,76 ms each. The slowest event was writeNoOpRecord(620613867), which took 26,85 ms. (org.apache.kafka.controller.EventPerformanceMonitor)
[2025-10-22 10:40:25,542] INFO [QuorumController id=1] In the last 60000 ms period, 324 controller events were completed, which took an average of 10,35 ms each. The slowest event was writeNoOpRecord(714208818), which took 26,89 ms. (org.apache.kafka.controller.EventPerformanceMonitor)
[2025-10-22 10:41:25,502] INFO [QuorumController id=1] Periodic task expireDelegationTokens generated 0 records in 204 microseconds. (org.apache.kafka.controller.PeriodicTaskControlManager)
[2025-10-22 10:41:25,509] INFO [QuorumController id=1] Periodic task electPreferred generated 0 records in 40 microseconds. (org.apache.kafka.controller.PeriodicTaskControlManager)
[2025-10-22 10:41:25,510] INFO [QuorumController id=1] Periodic task electUnclean generated 0 records in 45 microseconds. (org.apache.kafka.controller.PeriodicTaskControlManager)
[2025-10-22 10:41:25,542] INFO [QuorumController id=1] In the last 60000 ms period, 328 controller events were completed, which took an average of 9,54 ms each. The slowest event was writeNoOpRecord(712562543), which took 27,59 ms. (org.apache.kafka.controller.EventPerformanceMonitor)
[2025-10-22 10:42:24,982] INFO [QuorumController id=1] Unfenced broker 1 has requested and been granted a controlled shutdown. (org.apache.kafka.controller.BrokerHeartbeatManager)
[2025-10-22 10:42:24,985] INFO [QuorumController id=1] enterControlledShutdown[1]: changing 61 partition(s) (org.apache.kafka.controller.ReplicationControlManager)
[2025-10-22 10:42:24,986] INFO [QuorumController id=1] Replayed BrokerRegistrationChangeRecord modifying the registration for broker 1: BrokerRegistrationChangeRecord(brokerId=1, brokerEpoch=3770, fenced=0, inControlledShutdown=1, logDirs=[]) (org.apache.kafka.controller.ClusterControlManager)
[2025-10-22 10:42:25,063] INFO [QuorumController id=1] The request from broker 1 to shut down has been granted since the lowest active offset 9223372036854775807 is now greater than the broker's controlled shutdown offset 11211. (org.apache.kafka.controller.BrokerHeartbeatManager)
[2025-10-22 10:42:25,064] INFO [QuorumController id=1] Replayed BrokerRegistrationChangeRecord modifying the registration for broker 1: BrokerRegistrationChangeRecord(brokerId=1, brokerEpoch=3770, fenced=1, inControlledShutdown=0, logDirs=[]) (org.apache.kafka.controller.ClusterControlManager)
[2025-10-22 10:42:25,543] INFO [QuorumController id=1] In the last 60000 ms period, 328 controller events were completed, which took an average of 9,66 ms each. The slowest event was processBrokerHeartbeat(61593031), which took 29,53 ms. (org.apache.kafka.controller.EventPerformanceMonitor)
[2025-10-22 10:42:25,617] INFO [QuorumController id=1] writeNoOpRecord: event unable to start processing because of RejectedExecutionException (treated as TimeoutException). Exception message: The event queue is shutting down (org.apache.kafka.controller.QuorumController)
[2025-10-22 10:42:25,617] INFO [QuorumController id=1] maybeFenceStaleBroker: event unable to start processing because of RejectedExecutionException (treated as TimeoutException). Exception message: The event queue is shutting down (org.apache.kafka.controller.QuorumController)
[2025-10-22 10:42:25,618] INFO [QuorumController id=1] generatePeriodicPerformanceMessage: event unable to start processing because of RejectedExecutionException (treated as TimeoutException). Exception message: The event queue is shutting down (org.apache.kafka.controller.QuorumController)
[2025-10-22 10:42:25,618] INFO [QuorumController id=1] electPreferred: event unable to start processing because of RejectedExecutionException (treated as TimeoutException). Exception message: The event queue is shutting down (org.apache.kafka.controller.QuorumController)
[2025-10-22 10:42:25,618] INFO [QuorumController id=1] electUnclean: event unable to start processing because of RejectedExecutionException (treated as TimeoutException). Exception message: The event queue is shutting down (org.apache.kafka.controller.QuorumController)
[2025-10-22 10:42:25,618] INFO [QuorumController id=1] expireDelegationTokens: event unable to start processing because of RejectedExecutionException (treated as TimeoutException). Exception message: The event queue is shutting down (org.apache.kafka.controller.QuorumController)
