[2025-10-03 12:02:20,322] INFO Starting the log cleaner (org.apache.kafka.storage.internals.log.LogCleaner)
[2025-10-03 12:02:20,367] INFO [kafka-log-cleaner-thread-0]: Starting (org.apache.kafka.storage.internals.log.LogCleaner$CleanerThread)
[2025-10-03 12:02:20,794] INFO Shutting down the log cleaner. (org.apache.kafka.storage.internals.log.LogCleaner)
[2025-10-03 12:02:20,794] INFO [kafka-log-cleaner-thread-0]: Shutting down (org.apache.kafka.storage.internals.log.LogCleaner$CleanerThread)
[2025-10-03 12:02:20,795] INFO [kafka-log-cleaner-thread-0]: Stopped (org.apache.kafka.storage.internals.log.LogCleaner$CleanerThread)
[2025-10-03 12:02:20,795] INFO [kafka-log-cleaner-thread-0]: Shutdown completed (org.apache.kafka.storage.internals.log.LogCleaner$CleanerThread)
[2025-10-03 12:03:04,343] INFO Starting the log cleaner (org.apache.kafka.storage.internals.log.LogCleaner)
[2025-10-03 12:03:04,385] INFO [kafka-log-cleaner-thread-0]: Starting (org.apache.kafka.storage.internals.log.LogCleaner$CleanerThread)
[2025-10-03 12:03:04,829] INFO Shutting down the log cleaner. (org.apache.kafka.storage.internals.log.LogCleaner)
[2025-10-03 12:03:04,829] INFO [kafka-log-cleaner-thread-0]: Shutting down (org.apache.kafka.storage.internals.log.LogCleaner$CleanerThread)
[2025-10-03 12:03:04,829] INFO [kafka-log-cleaner-thread-0]: Shutdown completed (org.apache.kafka.storage.internals.log.LogCleaner$CleanerThread)
[2025-10-03 12:03:04,829] INFO [kafka-log-cleaner-thread-0]: Stopped (org.apache.kafka.storage.internals.log.LogCleaner$CleanerThread)
[2025-10-03 12:04:55,566] INFO Starting the log cleaner (org.apache.kafka.storage.internals.log.LogCleaner)
[2025-10-03 12:04:55,607] INFO [kafka-log-cleaner-thread-0]: Starting (org.apache.kafka.storage.internals.log.LogCleaner$CleanerThread)
[2025-10-03 12:04:56,013] INFO Shutting down the log cleaner. (org.apache.kafka.storage.internals.log.LogCleaner)
[2025-10-03 12:04:56,013] INFO [kafka-log-cleaner-thread-0]: Shutting down (org.apache.kafka.storage.internals.log.LogCleaner$CleanerThread)
[2025-10-03 12:04:56,014] INFO [kafka-log-cleaner-thread-0]: Stopped (org.apache.kafka.storage.internals.log.LogCleaner$CleanerThread)
[2025-10-03 12:04:56,014] INFO [kafka-log-cleaner-thread-0]: Shutdown completed (org.apache.kafka.storage.internals.log.LogCleaner$CleanerThread)
[2025-10-03 12:05:23,830] INFO Starting the log cleaner (org.apache.kafka.storage.internals.log.LogCleaner)
[2025-10-03 12:05:23,873] INFO [kafka-log-cleaner-thread-0]: Starting (org.apache.kafka.storage.internals.log.LogCleaner$CleanerThread)
[2025-10-03 12:05:24,286] INFO Shutting down the log cleaner. (org.apache.kafka.storage.internals.log.LogCleaner)
[2025-10-03 12:05:24,286] INFO [kafka-log-cleaner-thread-0]: Shutting down (org.apache.kafka.storage.internals.log.LogCleaner$CleanerThread)
[2025-10-03 12:05:24,287] INFO [kafka-log-cleaner-thread-0]: Stopped (org.apache.kafka.storage.internals.log.LogCleaner$CleanerThread)
[2025-10-03 12:05:24,287] INFO [kafka-log-cleaner-thread-0]: Shutdown completed (org.apache.kafka.storage.internals.log.LogCleaner$CleanerThread)
