[2025-10-22 10:02:41,023] INFO [GroupCoordinator id=1 topic=__consumer_offsets partition=5] Member consumer-central-group-1-240756aa-ad34-4505-a35c-5bad45be1964 in group central-group has failed, removing it from the group. (org.apache.kafka.coordinator.group.GroupMetadataManager)
[2025-10-22 10:02:41,024] INFO [GroupCoordinator id=1 topic=__consumer_offsets partition=5] Preparing to rebalance group central-group in state PreparingRebalance with old generation 8 (reason: removing member consumer-central-group-1-240756aa-ad34-4505-a35c-5bad45be1964 on heartbeat expiration.). (org.apache.kafka.coordinator.group.GroupMetadataManager)
[2025-10-22 10:02:41,025] INFO [GroupCoordinator id=1 topic=__consumer_offsets partition=5] Group central-group with generation 9 is now empty. (org.apache.kafka.coordinator.group.GroupMetadataManager)
[2025-10-22 10:09:28,658] INFO [NodeToControllerChannelManager id=1 name=forwarding] Node 1 disconnected. (org.apache.kafka.clients.NetworkClient)
[2025-10-22 10:16:06,757] INFO [GroupCoordinator id=1 topic=__consumer_offsets partition=5] Dynamic member with unknown member id joins group central-group in Empty state. Created a new member id consumer-central-group-1-be6c296d-e9cb-4c21-8229-a6823ca41b9c and requesting the member to rejoin with this id. (org.apache.kafka.coordinator.group.GroupMetadataManager)
[2025-10-22 10:16:06,759] INFO [GroupCoordinator id=1 topic=__consumer_offsets partition=5] Pending dynamic member with id consumer-central-group-1-be6c296d-e9cb-4c21-8229-a6823ca41b9c joins group central-group in Empty state. Adding to the group now. (org.apache.kafka.coordinator.group.GroupMetadataManager)
[2025-10-22 10:16:06,759] INFO [GroupCoordinator id=1 topic=__consumer_offsets partition=5] Preparing to rebalance group central-group in state PreparingRebalance with old generation 9 (reason: Adding new member consumer-central-group-1-be6c296d-e9cb-4c21-8229-a6823ca41b9c with group instance id null; client reason: need to re-join with the given member-id: consumer-central-group-1-be6c296d-e9cb-4c21-8229-a6823ca41b9c). (org.apache.kafka.coordinator.group.GroupMetadataManager)
[2025-10-22 10:16:09,759] INFO [GroupCoordinator id=1 topic=__consumer_offsets partition=5] Stabilized group central-group generation 10 with 1 members. (org.apache.kafka.coordinator.group.GroupMetadataManager)
[2025-10-22 10:16:09,769] INFO [GroupCoordinator id=1 topic=__consumer_offsets partition=5] Assignment received from leader consumer-central-group-1-be6c296d-e9cb-4c21-8229-a6823ca41b9c for group central-group for generation 10. The group has 1 members, 0 of which are static. (org.apache.kafka.coordinator.group.GroupMetadataManager)
[2025-10-22 10:17:55,381] INFO [GroupCoordinator id=1 topic=__consumer_offsets partition=5] Dynamic member with unknown member id joins group central-group in Stable state. Created a new member id consumer-central-group-1-38da2666-d7a0-47a8-9e34-f2d5fb9373e1 and requesting the member to rejoin with this id. (org.apache.kafka.coordinator.group.GroupMetadataManager)
[2025-10-22 10:17:55,382] INFO [GroupCoordinator id=1 topic=__consumer_offsets partition=5] Pending dynamic member with id consumer-central-group-1-38da2666-d7a0-47a8-9e34-f2d5fb9373e1 joins group central-group in Stable state. Adding to the group now. (org.apache.kafka.coordinator.group.GroupMetadataManager)
[2025-10-22 10:17:55,382] INFO [GroupCoordinator id=1 topic=__consumer_offsets partition=5] Preparing to rebalance group central-group in state PreparingRebalance with old generation 10 (reason: Adding new member consumer-central-group-1-38da2666-d7a0-47a8-9e34-f2d5fb9373e1 with group instance id null; client reason: need to re-join with the given member-id: consumer-central-group-1-38da2666-d7a0-47a8-9e34-f2d5fb9373e1). (org.apache.kafka.coordinator.group.GroupMetadataManager)
[2025-10-22 10:18:21,794] INFO [GroupCoordinator id=1 topic=__consumer_offsets partition=5] Member consumer-central-group-1-be6c296d-e9cb-4c21-8229-a6823ca41b9c in group central-group has failed, removing it from the group. (org.apache.kafka.coordinator.group.GroupMetadataManager)
[2025-10-22 10:18:21,795] INFO [GroupCoordinator id=1 topic=__consumer_offsets partition=5] Stabilized group central-group generation 11 with 1 members. (org.apache.kafka.coordinator.group.GroupMetadataManager)
[2025-10-22 10:18:21,811] INFO [GroupCoordinator id=1 topic=__consumer_offsets partition=5] Assignment received from leader consumer-central-group-1-38da2666-d7a0-47a8-9e34-f2d5fb9373e1 for group central-group for generation 11. The group has 1 members, 0 of which are static. (org.apache.kafka.coordinator.group.GroupMetadataManager)
[2025-10-22 10:23:39,272] INFO [GroupCoordinator id=1 topic=__consumer_offsets partition=5] Dynamic member with unknown member id joins group central-group in Stable state. Created a new member id consumer-central-group-1-3fe7534c-ae51-4d0e-a69a-d7b8b65bbee9 and requesting the member to rejoin with this id. (org.apache.kafka.coordinator.group.GroupMetadataManager)
[2025-10-22 10:23:39,273] INFO [GroupCoordinator id=1 topic=__consumer_offsets partition=5] Pending dynamic member with id consumer-central-group-1-3fe7534c-ae51-4d0e-a69a-d7b8b65bbee9 joins group central-group in Stable state. Adding to the group now. (org.apache.kafka.coordinator.group.GroupMetadataManager)
[2025-10-22 10:23:39,273] INFO [GroupCoordinator id=1 topic=__consumer_offsets partition=5] Preparing to rebalance group central-group in state PreparingRebalance with old generation 11 (reason: Adding new member consumer-central-group-1-3fe7534c-ae51-4d0e-a69a-d7b8b65bbee9 with group instance id null; client reason: need to re-join with the given member-id: consumer-central-group-1-3fe7534c-ae51-4d0e-a69a-d7b8b65bbee9). (org.apache.kafka.coordinator.group.GroupMetadataManager)
[2025-10-22 10:23:51,866] INFO [GroupCoordinator id=1 topic=__consumer_offsets partition=5] Member consumer-central-group-1-38da2666-d7a0-47a8-9e34-f2d5fb9373e1 in group central-group has failed, removing it from the group. (org.apache.kafka.coordinator.group.GroupMetadataManager)
[2025-10-22 10:23:51,867] INFO [GroupCoordinator id=1 topic=__consumer_offsets partition=5] Stabilized group central-group generation 12 with 1 members. (org.apache.kafka.coordinator.group.GroupMetadataManager)
[2025-10-22 10:23:51,882] INFO [GroupCoordinator id=1 topic=__consumer_offsets partition=5] Assignment received from leader consumer-central-group-1-3fe7534c-ae51-4d0e-a69a-d7b8b65bbee9 for group central-group for generation 12. The group has 1 members, 0 of which are static. (org.apache.kafka.coordinator.group.GroupMetadataManager)
[2025-10-22 10:41:25,420] INFO [SnapshotGenerator id=1] Creating new KRaft snapshot file snapshot 00000000000000011031-0000000009 because we have waited at least 60 minute(s). (org.apache.kafka.image.publisher.SnapshotGenerator)
[2025-10-22 10:41:25,435] INFO [SnapshotEmitter id=1] Successfully wrote snapshot 00000000000000011031-0000000009 (org.apache.kafka.image.publisher.SnapshotEmitter)
[2025-10-22 10:42:24,977] INFO Terminating process due to signal SIGINT (org.apache.kafka.common.utils.LoggingSignalHandler)
[2025-10-22 10:42:24,979] INFO [BrokerServer id=1] Transition from STARTED to SHUTTING_DOWN (kafka.server.BrokerServer)
[2025-10-22 10:42:24,980] INFO [BrokerServer id=1] shutting down (kafka.server.BrokerServer)
[2025-10-22 10:42:24,981] INFO [BrokerLifecycleManager id=1] Beginning controlled shutdown. (kafka.server.BrokerLifecycleManager)
[2025-10-22 10:42:25,012] INFO [BrokerLifecycleManager id=1] The broker is in PENDING_CONTROLLED_SHUTDOWN state, still waiting for the active controller. (kafka.server.BrokerLifecycleManager)
[2025-10-22 10:42:25,016] INFO [ReplicaFetcherManager on broker 1] Removed fetcher for partitions HashSet(__consumer_offsets-22, __consumer_offsets-30, SD-0, __consumer_offsets-25, __consumer_offsets-37, fallo-cp-0, __consumer_offsets-38, sistema-eventos-0, __consumer_offsets-13, __consumer_offsets-8, __consumer_offsets-21, __consumer_offsets-4, __consumer_offsets-27, __consumer_offsets-7, __consumer_offsets-9, __consumer_offsets-46, __consumer_offsets-35, actualizacion-recarga-0, __consumer_offsets-41, __consumer_offsets-33, __consumer_offsets-23, __consumer_offsets-49, __consumer_offsets-47, recuperacion-cp-0, __consumer_offsets-16, __consumer_offsets-28, __consumer_offsets-31, __consumer_offsets-36, central-to-monitor-0, __consumer_offsets-42, __consumer_offsets-3, __consumer_offsets-18, __consumer_offsets-15, __consumer_offsets-24, cp-autorizacion-0, central-to-cp-0, __consumer_offsets-48, cp-registro-0, __consumer_offsets-17, __consumer_offsets-19, __consumer_offsets-11, __consumer_offsets-2, __consumer_offsets-43, __consumer_offsets-6, __consumer_offsets-14, __consumer_offsets-20, __consumer_offsets-0, __consumer_offsets-44, __consumer_offsets-39, __consumer_offsets-12, monitor-registro-0, __consumer_offsets-45, __consumer_offsets-1, __consumer_offsets-5, __consumer_offsets-26, __consumer_offsets-29, __consumer_offsets-34, __consumer_offsets-10, cp-estado-0, __consumer_offsets-32, __consumer_offsets-40) (kafka.server.ReplicaFetcherManager)
[2025-10-22 10:42:25,016] INFO [ReplicaAlterLogDirsManager on broker 1] Removed fetcher for partitions HashSet(__consumer_offsets-22, __consumer_offsets-30, SD-0, __consumer_offsets-25, __consumer_offsets-37, fallo-cp-0, __consumer_offsets-38, sistema-eventos-0, __consumer_offsets-13, __consumer_offsets-8, __consumer_offsets-21, __consumer_offsets-4, __consumer_offsets-27, __consumer_offsets-7, __consumer_offsets-9, __consumer_offsets-46, __consumer_offsets-35, actualizacion-recarga-0, __consumer_offsets-41, __consumer_offsets-33, __consumer_offsets-23, __consumer_offsets-49, __consumer_offsets-47, recuperacion-cp-0, __consumer_offsets-16, __consumer_offsets-28, __consumer_offsets-31, __consumer_offsets-36, central-to-monitor-0, __consumer_offsets-42, __consumer_offsets-3, __consumer_offsets-18, __consumer_offsets-15, __consumer_offsets-24, cp-autorizacion-0, central-to-cp-0, __consumer_offsets-48, cp-registro-0, __consumer_offsets-17, __consumer_offsets-19, __consumer_offsets-11, __consumer_offsets-2, __consumer_offsets-43, __consumer_offsets-6, __consumer_offsets-14, __consumer_offsets-20, __consumer_offsets-0, __consumer_offsets-44, __consumer_offsets-39, __consumer_offsets-12, monitor-registro-0, __consumer_offsets-45, __consumer_offsets-1, __consumer_offsets-5, __consumer_offsets-26, __consumer_offsets-29, __consumer_offsets-34, __consumer_offsets-10, cp-estado-0, __consumer_offsets-32, __consumer_offsets-40) (kafka.server.ReplicaAlterLogDirsManager)
[2025-10-22 10:42:25,018] INFO [GroupCoordinator id=1] Scheduling unloading of metadata for __consumer_offsets-13 with epoch OptionalInt[15] (org.apache.kafka.coordinator.common.runtime.CoordinatorRuntime)
[2025-10-22 10:42:25,018] INFO [GroupCoordinator id=1] Scheduling unloading of metadata for __consumer_offsets-46 with epoch OptionalInt[15] (org.apache.kafka.coordinator.common.runtime.CoordinatorRuntime)
[2025-10-22 10:42:25,018] INFO [GroupCoordinator id=1] Scheduling unloading of metadata for __consumer_offsets-9 with epoch OptionalInt[15] (org.apache.kafka.coordinator.common.runtime.CoordinatorRuntime)
[2025-10-22 10:42:25,018] INFO [GroupCoordinator id=1] Scheduling unloading of metadata for __consumer_offsets-42 with epoch OptionalInt[15] (org.apache.kafka.coordinator.common.runtime.CoordinatorRuntime)
[2025-10-22 10:42:25,018] INFO [GroupCoordinator id=1] Scheduling unloading of metadata for __consumer_offsets-21 with epoch OptionalInt[15] (org.apache.kafka.coordinator.common.runtime.CoordinatorRuntime)
[2025-10-22 10:42:25,018] INFO [GroupCoordinator id=1] Scheduling unloading of metadata for __consumer_offsets-17 with epoch OptionalInt[15] (org.apache.kafka.coordinator.common.runtime.CoordinatorRuntime)
[2025-10-22 10:42:25,018] INFO [GroupCoordinator id=1] Scheduling unloading of metadata for __consumer_offsets-30 with epoch OptionalInt[15] (org.apache.kafka.coordinator.common.runtime.CoordinatorRuntime)
[2025-10-22 10:42:25,018] INFO [GroupCoordinator id=1] Scheduling unloading of metadata for __consumer_offsets-26 with epoch OptionalInt[15] (org.apache.kafka.coordinator.common.runtime.CoordinatorRuntime)
[2025-10-22 10:42:25,018] INFO [GroupCoordinator id=1] Scheduling unloading of metadata for __consumer_offsets-5 with epoch OptionalInt[15] (org.apache.kafka.coordinator.common.runtime.CoordinatorRuntime)
[2025-10-22 10:42:25,018] INFO [GroupCoordinator id=1] Scheduling unloading of metadata for __consumer_offsets-38 with epoch OptionalInt[15] (org.apache.kafka.coordinator.common.runtime.CoordinatorRuntime)
[2025-10-22 10:42:25,018] INFO [GroupCoordinator id=1] Scheduling unloading of metadata for __consumer_offsets-1 with epoch OptionalInt[15] (org.apache.kafka.coordinator.common.runtime.CoordinatorRuntime)
[2025-10-22 10:42:25,018] INFO [GroupCoordinator id=1] Scheduling unloading of metadata for __consumer_offsets-34 with epoch OptionalInt[15] (org.apache.kafka.coordinator.common.runtime.CoordinatorRuntime)
[2025-10-22 10:42:25,018] INFO [GroupCoordinator id=1] Scheduling unloading of metadata for __consumer_offsets-16 with epoch OptionalInt[15] (org.apache.kafka.coordinator.common.runtime.CoordinatorRuntime)
[2025-10-22 10:42:25,018] INFO [GroupCoordinator id=1] Scheduling unloading of metadata for __consumer_offsets-45 with epoch OptionalInt[15] (org.apache.kafka.coordinator.common.runtime.CoordinatorRuntime)
[2025-10-22 10:42:25,018] INFO [GroupCoordinator id=1] Scheduling unloading of metadata for __consumer_offsets-12 with epoch OptionalInt[15] (org.apache.kafka.coordinator.common.runtime.CoordinatorRuntime)
[2025-10-22 10:42:25,018] INFO [GroupCoordinator id=1] Scheduling unloading of metadata for __consumer_offsets-41 with epoch OptionalInt[15] (org.apache.kafka.coordinator.common.runtime.CoordinatorRuntime)
[2025-10-22 10:42:25,018] INFO [GroupCoordinator id=1] Scheduling unloading of metadata for __consumer_offsets-24 with epoch OptionalInt[15] (org.apache.kafka.coordinator.common.runtime.CoordinatorRuntime)
[2025-10-22 10:42:25,018] INFO [GroupCoordinator id=1] Scheduling unloading of metadata for __consumer_offsets-20 with epoch OptionalInt[15] (org.apache.kafka.coordinator.common.runtime.CoordinatorRuntime)
[2025-10-22 10:42:25,018] INFO [GroupCoordinator id=1] Scheduling unloading of metadata for __consumer_offsets-49 with epoch OptionalInt[15] (org.apache.kafka.coordinator.common.runtime.CoordinatorRuntime)
[2025-10-22 10:42:25,018] INFO [GroupCoordinator id=1] Started unloading metadata for __consumer_offsets-21 with epoch OptionalInt[15]. (org.apache.kafka.coordinator.common.runtime.CoordinatorRuntime)
[2025-10-22 10:42:25,018] INFO [GroupCoordinator id=1] Scheduling unloading of metadata for __consumer_offsets-0 with epoch OptionalInt[15] (org.apache.kafka.coordinator.common.runtime.CoordinatorRuntime)
[2025-10-22 10:42:25,018] INFO [GroupCoordinator id=1] Started unloading metadata for __consumer_offsets-13 with epoch OptionalInt[15]. (org.apache.kafka.coordinator.common.runtime.CoordinatorRuntime)
[2025-10-22 10:42:25,018] INFO [GroupCoordinator id=1] Scheduling unloading of metadata for __consumer_offsets-29 with epoch OptionalInt[15] (org.apache.kafka.coordinator.common.runtime.CoordinatorRuntime)
[2025-10-22 10:42:25,018] INFO [GroupCoordinator id=1] Scheduling unloading of metadata for __consumer_offsets-25 with epoch OptionalInt[15] (org.apache.kafka.coordinator.common.runtime.CoordinatorRuntime)
[2025-10-22 10:42:25,018] INFO [GroupCoordinator id=1] Started unloading metadata for __consumer_offsets-49 with epoch OptionalInt[15]. (org.apache.kafka.coordinator.common.runtime.CoordinatorRuntime)
[2025-10-22 10:42:25,018] INFO [GroupCoordinator id=1] Started unloading metadata for __consumer_offsets-9 with epoch OptionalInt[15]. (org.apache.kafka.coordinator.common.runtime.CoordinatorRuntime)
[2025-10-22 10:42:25,018] INFO [GroupCoordinator id=1] Scheduling unloading of metadata for __consumer_offsets-8 with epoch OptionalInt[15] (org.apache.kafka.coordinator.common.runtime.CoordinatorRuntime)
[2025-10-22 10:42:25,018] INFO [GroupCoordinator id=1] Scheduling unloading of metadata for __consumer_offsets-37 with epoch OptionalInt[15] (org.apache.kafka.coordinator.common.runtime.CoordinatorRuntime)
[2025-10-22 10:42:25,018] INFO [GroupCoordinator id=1] Scheduling unloading of metadata for __consumer_offsets-4 with epoch OptionalInt[15] (org.apache.kafka.coordinator.common.runtime.CoordinatorRuntime)
[2025-10-22 10:42:25,018] INFO [GroupCoordinator id=1] Scheduling unloading of metadata for __consumer_offsets-33 with epoch OptionalInt[15] (org.apache.kafka.coordinator.common.runtime.CoordinatorRuntime)
[2025-10-22 10:42:25,018] INFO [GroupCoordinator id=1] Scheduling unloading of metadata for __consumer_offsets-15 with epoch OptionalInt[15] (org.apache.kafka.coordinator.common.runtime.CoordinatorRuntime)
[2025-10-22 10:42:25,018] INFO [GroupCoordinator id=1] Scheduling unloading of metadata for __consumer_offsets-48 with epoch OptionalInt[15] (org.apache.kafka.coordinator.common.runtime.CoordinatorRuntime)
[2025-10-22 10:42:25,018] INFO [GroupCoordinator id=1] Scheduling unloading of metadata for __consumer_offsets-11 with epoch OptionalInt[15] (org.apache.kafka.coordinator.common.runtime.CoordinatorRuntime)
[2025-10-22 10:42:25,018] INFO [GroupCoordinator id=1] Scheduling unloading of metadata for __consumer_offsets-44 with epoch OptionalInt[15] (org.apache.kafka.coordinator.common.runtime.CoordinatorRuntime)
[2025-10-22 10:42:25,018] INFO [GroupCoordinator id=1] Scheduling unloading of metadata for __consumer_offsets-23 with epoch OptionalInt[15] (org.apache.kafka.coordinator.common.runtime.CoordinatorRuntime)
[2025-10-22 10:42:25,018] INFO [GroupCoordinator id=1] Scheduling unloading of metadata for __consumer_offsets-19 with epoch OptionalInt[15] (org.apache.kafka.coordinator.common.runtime.CoordinatorRuntime)
[2025-10-22 10:42:25,018] INFO [GroupCoordinator id=1] Scheduling unloading of metadata for __consumer_offsets-32 with epoch OptionalInt[15] (org.apache.kafka.coordinator.common.runtime.CoordinatorRuntime)
[2025-10-22 10:42:25,018] INFO [GroupCoordinator id=1] Scheduling unloading of metadata for __consumer_offsets-28 with epoch OptionalInt[15] (org.apache.kafka.coordinator.common.runtime.CoordinatorRuntime)
[2025-10-22 10:42:25,018] INFO [GroupCoordinator id=1] Scheduling unloading of metadata for __consumer_offsets-7 with epoch OptionalInt[15] (org.apache.kafka.coordinator.common.runtime.CoordinatorRuntime)
[2025-10-22 10:42:25,018] INFO [GroupCoordinator id=1] Scheduling unloading of metadata for __consumer_offsets-40 with epoch OptionalInt[15] (org.apache.kafka.coordinator.common.runtime.CoordinatorRuntime)
[2025-10-22 10:42:25,018] INFO [GroupCoordinator id=1] Scheduling unloading of metadata for __consumer_offsets-3 with epoch OptionalInt[15] (org.apache.kafka.coordinator.common.runtime.CoordinatorRuntime)
[2025-10-22 10:42:25,018] INFO [GroupCoordinator id=1] Scheduling unloading of metadata for __consumer_offsets-36 with epoch OptionalInt[15] (org.apache.kafka.coordinator.common.runtime.CoordinatorRuntime)
[2025-10-22 10:42:25,018] INFO [GroupCoordinator id=1] Scheduling unloading of metadata for __consumer_offsets-47 with epoch OptionalInt[15] (org.apache.kafka.coordinator.common.runtime.CoordinatorRuntime)
[2025-10-22 10:42:25,018] INFO [GroupCoordinator id=1] Scheduling unloading of metadata for __consumer_offsets-14 with epoch OptionalInt[15] (org.apache.kafka.coordinator.common.runtime.CoordinatorRuntime)
[2025-10-22 10:42:25,018] INFO [GroupCoordinator id=1] Scheduling unloading of metadata for __consumer_offsets-43 with epoch OptionalInt[15] (org.apache.kafka.coordinator.common.runtime.CoordinatorRuntime)
[2025-10-22 10:42:25,018] INFO [GroupCoordinator id=1] Scheduling unloading of metadata for __consumer_offsets-10 with epoch OptionalInt[15] (org.apache.kafka.coordinator.common.runtime.CoordinatorRuntime)
[2025-10-22 10:42:25,018] INFO [GroupCoordinator id=1] Scheduling unloading of metadata for __consumer_offsets-22 with epoch OptionalInt[15] (org.apache.kafka.coordinator.common.runtime.CoordinatorRuntime)
[2025-10-22 10:42:25,018] INFO [GroupCoordinator id=1] Scheduling unloading of metadata for __consumer_offsets-18 with epoch OptionalInt[15] (org.apache.kafka.coordinator.common.runtime.CoordinatorRuntime)
[2025-10-22 10:42:25,018] INFO [GroupCoordinator id=1] Scheduling unloading of metadata for __consumer_offsets-31 with epoch OptionalInt[15] (org.apache.kafka.coordinator.common.runtime.CoordinatorRuntime)
[2025-10-22 10:42:25,018] INFO [GroupCoordinator id=1] Scheduling unloading of metadata for __consumer_offsets-27 with epoch OptionalInt[15] (org.apache.kafka.coordinator.common.runtime.CoordinatorRuntime)
[2025-10-22 10:42:25,018] INFO [GroupCoordinator id=1] Scheduling unloading of metadata for __consumer_offsets-39 with epoch OptionalInt[15] (org.apache.kafka.coordinator.common.runtime.CoordinatorRuntime)
[2025-10-22 10:42:25,019] INFO [GroupCoordinator id=1] Scheduling unloading of metadata for __consumer_offsets-6 with epoch OptionalInt[15] (org.apache.kafka.coordinator.common.runtime.CoordinatorRuntime)
[2025-10-22 10:42:25,019] INFO [GroupCoordinator id=1] Scheduling unloading of metadata for __consumer_offsets-35 with epoch OptionalInt[15] (org.apache.kafka.coordinator.common.runtime.CoordinatorRuntime)
[2025-10-22 10:42:25,019] INFO [GroupCoordinator id=1] Scheduling unloading of metadata for __consumer_offsets-2 with epoch OptionalInt[15] (org.apache.kafka.coordinator.common.runtime.CoordinatorRuntime)
[2025-10-22 10:42:25,019] INFO [GroupCoordinator id=1] Finished unloading metadata for __consumer_offsets-9 with epoch OptionalInt[15]. (org.apache.kafka.coordinator.common.runtime.CoordinatorRuntime)
[2025-10-22 10:42:25,019] INFO [GroupCoordinator id=1] Finished unloading metadata for __consumer_offsets-49 with epoch OptionalInt[15]. (org.apache.kafka.coordinator.common.runtime.CoordinatorRuntime)
[2025-10-22 10:42:25,019] INFO [GroupCoordinator id=1] Finished unloading metadata for __consumer_offsets-13 with epoch OptionalInt[15]. (org.apache.kafka.coordinator.common.runtime.CoordinatorRuntime)
[2025-10-22 10:42:25,019] INFO [GroupCoordinator id=1] Started unloading metadata for __consumer_offsets-28 with epoch OptionalInt[15]. (org.apache.kafka.coordinator.common.runtime.CoordinatorRuntime)
[2025-10-22 10:42:25,019] INFO [GroupCoordinator id=1] Finished unloading metadata for __consumer_offsets-21 with epoch OptionalInt[15]. (org.apache.kafka.coordinator.common.runtime.CoordinatorRuntime)
[2025-10-22 10:42:25,019] INFO [GroupCoordinator id=1] Started unloading metadata for __consumer_offsets-45 with epoch OptionalInt[15]. (org.apache.kafka.coordinator.common.runtime.CoordinatorRuntime)
[2025-10-22 10:42:25,019] INFO [GroupCoordinator id=1] Finished unloading metadata for __consumer_offsets-28 with epoch OptionalInt[15]. (org.apache.kafka.coordinator.common.runtime.CoordinatorRuntime)
[2025-10-22 10:42:25,019] INFO [GroupCoordinator id=1] Started unloading metadata for __consumer_offsets-17 with epoch OptionalInt[15]. (org.apache.kafka.coordinator.common.runtime.CoordinatorRuntime)
[2025-10-22 10:42:25,019] INFO [GroupCoordinator id=1] Finished unloading metadata for __consumer_offsets-45 with epoch OptionalInt[15]. (org.apache.kafka.coordinator.common.runtime.CoordinatorRuntime)
[2025-10-22 10:42:25,019] INFO [GroupCoordinator id=1] Started unloading metadata for __consumer_offsets-27 with epoch OptionalInt[15]. (org.apache.kafka.coordinator.common.runtime.CoordinatorRuntime)
[2025-10-22 10:42:25,019] INFO [GroupCoordinator id=1] Started unloading metadata for __consumer_offsets-46 with epoch OptionalInt[15]. (org.apache.kafka.coordinator.common.runtime.CoordinatorRuntime)
[2025-10-22 10:42:25,019] INFO [GroupCoordinator id=1] Finished unloading metadata for __consumer_offsets-17 with epoch OptionalInt[15]. (org.apache.kafka.coordinator.common.runtime.CoordinatorRuntime)
[2025-10-22 10:42:25,019] INFO [GroupCoordinator id=1] Finished unloading metadata for __consumer_offsets-27 with epoch OptionalInt[15]. (org.apache.kafka.coordinator.common.runtime.CoordinatorRuntime)
[2025-10-22 10:42:25,019] INFO [GroupCoordinator id=1] Started unloading metadata for __consumer_offsets-15 with epoch OptionalInt[15]. (org.apache.kafka.coordinator.common.runtime.CoordinatorRuntime)
[2025-10-22 10:42:25,019] INFO [GroupCoordinator id=1] Finished unloading metadata for __consumer_offsets-46 with epoch OptionalInt[15]. (org.apache.kafka.coordinator.common.runtime.CoordinatorRuntime)
[2025-10-22 10:42:25,019] INFO [GroupCoordinator id=1] Started unloading metadata for __consumer_offsets-40 with epoch OptionalInt[15]. (org.apache.kafka.coordinator.common.runtime.CoordinatorRuntime)
[2025-10-22 10:42:25,019] INFO [GroupCoordinator id=1] Finished unloading metadata for __consumer_offsets-15 with epoch OptionalInt[15]. (org.apache.kafka.coordinator.common.runtime.CoordinatorRuntime)
[2025-10-22 10:42:25,019] INFO [GroupCoordinator id=1] Finished unloading metadata for __consumer_offsets-40 with epoch OptionalInt[15]. (org.apache.kafka.coordinator.common.runtime.CoordinatorRuntime)
[2025-10-22 10:42:25,019] INFO [GroupCoordinator id=1] Started unloading metadata for __consumer_offsets-6 with epoch OptionalInt[15]. (org.apache.kafka.coordinator.common.runtime.CoordinatorRuntime)
[2025-10-22 10:42:25,019] INFO [GroupCoordinator id=1] Started unloading metadata for __consumer_offsets-47 with epoch OptionalInt[15]. (org.apache.kafka.coordinator.common.runtime.CoordinatorRuntime)
[2025-10-22 10:42:25,019] INFO [GroupCoordinator id=1] Started unloading metadata for __consumer_offsets-41 with epoch OptionalInt[15]. (org.apache.kafka.coordinator.common.runtime.CoordinatorRuntime)
[2025-10-22 10:42:25,019] INFO [GroupCoordinator id=1] Finished unloading metadata for __consumer_offsets-6 with epoch OptionalInt[15]. (org.apache.kafka.coordinator.common.runtime.CoordinatorRuntime)
[2025-10-22 10:42:25,019] INFO [GroupCoordinator id=1] Finished unloading metadata for __consumer_offsets-47 with epoch OptionalInt[15]. (org.apache.kafka.coordinator.common.runtime.CoordinatorRuntime)
[2025-10-22 10:42:25,019] INFO [GroupCoordinator id=1] Started unloading metadata for __consumer_offsets-42 with epoch OptionalInt[15]. (org.apache.kafka.coordinator.common.runtime.CoordinatorRuntime)
[2025-10-22 10:42:25,019] INFO [GroupCoordinator id=1] Finished unloading metadata for __consumer_offsets-41 with epoch OptionalInt[15]. (org.apache.kafka.coordinator.common.runtime.CoordinatorRuntime)
[2025-10-22 10:42:25,019] INFO [GroupCoordinator id=1] Started unloading metadata for __consumer_offsets-33 with epoch OptionalInt[15]. (org.apache.kafka.coordinator.common.runtime.CoordinatorRuntime)
[2025-10-22 10:42:25,019] INFO [GroupCoordinator id=1] Finished unloading metadata for __consumer_offsets-42 with epoch OptionalInt[15]. (org.apache.kafka.coordinator.common.runtime.CoordinatorRuntime)
[2025-10-22 10:42:25,019] INFO [GroupCoordinator id=1] Started unloading metadata for __consumer_offsets-16 with epoch OptionalInt[15]. (org.apache.kafka.coordinator.common.runtime.CoordinatorRuntime)
[2025-10-22 10:42:25,019] INFO [GroupCoordinator id=1] Started unloading metadata for __consumer_offsets-19 with epoch OptionalInt[15]. (org.apache.kafka.coordinator.common.runtime.CoordinatorRuntime)
[2025-10-22 10:42:25,019] INFO [GroupCoordinator id=1] Finished unloading metadata for __consumer_offsets-33 with epoch OptionalInt[15]. (org.apache.kafka.coordinator.common.runtime.CoordinatorRuntime)
[2025-10-22 10:42:25,019] INFO [GroupCoordinator id=1] Started unloading metadata for __consumer_offsets-39 with epoch OptionalInt[15]. (org.apache.kafka.coordinator.common.runtime.CoordinatorRuntime)
[2025-10-22 10:42:25,019] INFO [GroupCoordinator id=1] Started unloading metadata for __consumer_offsets-11 with epoch OptionalInt[15]. (org.apache.kafka.coordinator.common.runtime.CoordinatorRuntime)
[2025-10-22 10:42:25,019] INFO [GroupCoordinator id=1] Finished unloading metadata for __consumer_offsets-16 with epoch OptionalInt[15]. (org.apache.kafka.coordinator.common.runtime.CoordinatorRuntime)
[2025-10-22 10:42:25,019] INFO [GroupCoordinator id=1] Finished unloading metadata for __consumer_offsets-39 with epoch OptionalInt[15]. (org.apache.kafka.coordinator.common.runtime.CoordinatorRuntime)
[2025-10-22 10:42:25,019] INFO [GroupCoordinator id=1] Finished unloading metadata for __consumer_offsets-11 with epoch OptionalInt[15]. (org.apache.kafka.coordinator.common.runtime.CoordinatorRuntime)
[2025-10-22 10:42:25,019] INFO [GroupCoordinator id=1] Started unloading metadata for __consumer_offsets-26 with epoch OptionalInt[15]. (org.apache.kafka.coordinator.common.runtime.CoordinatorRuntime)
[2025-10-22 10:42:25,019] INFO [GroupCoordinator id=1] Started unloading metadata for __consumer_offsets-36 with epoch OptionalInt[15]. (org.apache.kafka.coordinator.common.runtime.CoordinatorRuntime)
[2025-10-22 10:42:25,019] INFO [GroupCoordinator id=1] Started unloading metadata for __consumer_offsets-0 with epoch OptionalInt[15]. (org.apache.kafka.coordinator.common.runtime.CoordinatorRuntime)
[2025-10-22 10:42:25,019] INFO [GroupCoordinator id=1] Finished unloading metadata for __consumer_offsets-26 with epoch OptionalInt[15]. (org.apache.kafka.coordinator.common.runtime.CoordinatorRuntime)
[2025-10-22 10:42:25,019] INFO [GroupCoordinator id=1] Finished unloading metadata for __consumer_offsets-36 with epoch OptionalInt[15]. (org.apache.kafka.coordinator.common.runtime.CoordinatorRuntime)
[2025-10-22 10:42:25,019] INFO [GroupCoordinator id=1] Finished unloading metadata for __consumer_offsets-19 with epoch OptionalInt[15]. (org.apache.kafka.coordinator.common.runtime.CoordinatorRuntime)
[2025-10-22 10:42:25,019] INFO [GroupCoordinator id=1] Started unloading metadata for __consumer_offsets-1 with epoch OptionalInt[15]. (org.apache.kafka.coordinator.common.runtime.CoordinatorRuntime)
[2025-10-22 10:42:25,019] INFO [GroupCoordinator id=1] Finished unloading metadata for __consumer_offsets-0 with epoch OptionalInt[15]. (org.apache.kafka.coordinator.common.runtime.CoordinatorRuntime)
[2025-10-22 10:42:25,019] INFO [GroupCoordinator id=1] Started unloading metadata for __consumer_offsets-20 with epoch OptionalInt[15]. (org.apache.kafka.coordinator.common.runtime.CoordinatorRuntime)
[2025-10-22 10:42:25,019] INFO [GroupCoordinator id=1] Started unloading metadata for __consumer_offsets-24 with epoch OptionalInt[15]. (org.apache.kafka.coordinator.common.runtime.CoordinatorRuntime)
[2025-10-22 10:42:25,019] INFO [GroupCoordinator id=1] Finished unloading metadata for __consumer_offsets-20 with epoch OptionalInt[15]. (org.apache.kafka.coordinator.common.runtime.CoordinatorRuntime)
[2025-10-22 10:42:25,019] INFO [GroupCoordinator id=1] Started unloading metadata for __consumer_offsets-2 with epoch OptionalInt[15]. (org.apache.kafka.coordinator.common.runtime.CoordinatorRuntime)
[2025-10-22 10:42:25,019] INFO [GroupCoordinator id=1] Finished unloading metadata for __consumer_offsets-1 with epoch OptionalInt[15]. (org.apache.kafka.coordinator.common.runtime.CoordinatorRuntime)
[2025-10-22 10:42:25,019] INFO [GroupCoordinator id=1] Started unloading metadata for __consumer_offsets-12 with epoch OptionalInt[15]. (org.apache.kafka.coordinator.common.runtime.CoordinatorRuntime)
[2025-10-22 10:42:25,019] INFO [GroupCoordinator id=1] Finished unloading metadata for __consumer_offsets-24 with epoch OptionalInt[15]. (org.apache.kafka.coordinator.common.runtime.CoordinatorRuntime)
[2025-10-22 10:42:25,019] INFO [GroupCoordinator id=1] Started unloading metadata for __consumer_offsets-25 with epoch OptionalInt[15]. (org.apache.kafka.coordinator.common.runtime.CoordinatorRuntime)
[2025-10-22 10:42:25,019] INFO [GroupCoordinator id=1] Finished unloading metadata for __consumer_offsets-2 with epoch OptionalInt[15]. (org.apache.kafka.coordinator.common.runtime.CoordinatorRuntime)
[2025-10-22 10:42:25,019] INFO [GroupCoordinator id=1] Started unloading metadata for __consumer_offsets-22 with epoch OptionalInt[15]. (org.apache.kafka.coordinator.common.runtime.CoordinatorRuntime)
[2025-10-22 10:42:25,019] INFO [GroupCoordinator id=1] Finished unloading metadata for __consumer_offsets-12 with epoch OptionalInt[15]. (org.apache.kafka.coordinator.common.runtime.CoordinatorRuntime)
[2025-10-22 10:42:25,019] INFO [GroupCoordinator id=1] Finished unloading metadata for __consumer_offsets-25 with epoch OptionalInt[15]. (org.apache.kafka.coordinator.common.runtime.CoordinatorRuntime)
[2025-10-22 10:42:25,019] INFO [GroupCoordinator id=1] Finished unloading metadata for __consumer_offsets-22 with epoch OptionalInt[15]. (org.apache.kafka.coordinator.common.runtime.CoordinatorRuntime)
[2025-10-22 10:42:25,019] INFO [GroupCoordinator id=1] Started unloading metadata for __consumer_offsets-4 with epoch OptionalInt[15]. (org.apache.kafka.coordinator.common.runtime.CoordinatorRuntime)
[2025-10-22 10:42:25,019] INFO [GroupCoordinator id=1] Started unloading metadata for __consumer_offsets-38 with epoch OptionalInt[15]. (org.apache.kafka.coordinator.common.runtime.CoordinatorRuntime)
[2025-10-22 10:42:25,019] INFO [GroupCoordinator id=1] Started unloading metadata for __consumer_offsets-7 with epoch OptionalInt[15]. (org.apache.kafka.coordinator.common.runtime.CoordinatorRuntime)
[2025-10-22 10:42:25,019] INFO [GroupCoordinator id=1] Started unloading metadata for __consumer_offsets-31 with epoch OptionalInt[15]. (org.apache.kafka.coordinator.common.runtime.CoordinatorRuntime)
[2025-10-22 10:42:25,019] INFO [GroupCoordinator id=1] Finished unloading metadata for __consumer_offsets-4 with epoch OptionalInt[15]. (org.apache.kafka.coordinator.common.runtime.CoordinatorRuntime)
[2025-10-22 10:42:25,019] INFO [GroupCoordinator id=1] Finished unloading metadata for __consumer_offsets-38 with epoch OptionalInt[15]. (org.apache.kafka.coordinator.common.runtime.CoordinatorRuntime)
[2025-10-22 10:42:25,019] INFO [GroupCoordinator id=1] Finished unloading metadata for __consumer_offsets-7 with epoch OptionalInt[15]. (org.apache.kafka.coordinator.common.runtime.CoordinatorRuntime)
[2025-10-22 10:42:25,019] INFO [GroupCoordinator id=1] Finished unloading metadata for __consumer_offsets-31 with epoch OptionalInt[15]. (org.apache.kafka.coordinator.common.runtime.CoordinatorRuntime)
[2025-10-22 10:42:25,019] INFO [GroupCoordinator id=1] Started unloading metadata for __consumer_offsets-34 with epoch OptionalInt[15]. (org.apache.kafka.coordinator.common.runtime.CoordinatorRuntime)
[2025-10-22 10:42:25,019] INFO [GroupCoordinator id=1] Started unloading metadata for __consumer_offsets-35 with epoch OptionalInt[15]. (org.apache.kafka.coordinator.common.runtime.CoordinatorRuntime)
[2025-10-22 10:42:25,019] INFO [GroupCoordinator id=1] Started unloading metadata for __consumer_offsets-48 with epoch OptionalInt[15]. (org.apache.kafka.coordinator.common.runtime.CoordinatorRuntime)
[2025-10-22 10:42:25,019] INFO [GroupCoordinator id=1] Started unloading metadata for __consumer_offsets-8 with epoch OptionalInt[15]. (org.apache.kafka.coordinator.common.runtime.CoordinatorRuntime)
[2025-10-22 10:42:25,019] INFO [GroupCoordinator id=1] Finished unloading metadata for __consumer_offsets-34 with epoch OptionalInt[15]. (org.apache.kafka.coordinator.common.runtime.CoordinatorRuntime)
[2025-10-22 10:42:25,019] INFO [GroupCoordinator id=1] Finished unloading metadata for __consumer_offsets-35 with epoch OptionalInt[15]. (org.apache.kafka.coordinator.common.runtime.CoordinatorRuntime)
[2025-10-22 10:42:25,019] INFO [GroupCoordinator id=1] Finished unloading metadata for __consumer_offsets-48 with epoch OptionalInt[15]. (org.apache.kafka.coordinator.common.runtime.CoordinatorRuntime)
[2025-10-22 10:42:25,019] INFO [GroupCoordinator id=1] Finished unloading metadata for __consumer_offsets-8 with epoch OptionalInt[15]. (org.apache.kafka.coordinator.common.runtime.CoordinatorRuntime)
[2025-10-22 10:42:25,019] INFO [GroupCoordinator id=1] Started unloading metadata for __consumer_offsets-10 with epoch OptionalInt[15]. (org.apache.kafka.coordinator.common.runtime.CoordinatorRuntime)
[2025-10-22 10:42:25,019] INFO [GroupCoordinator id=1] Started unloading metadata for __consumer_offsets-29 with epoch OptionalInt[15]. (org.apache.kafka.coordinator.common.runtime.CoordinatorRuntime)
[2025-10-22 10:42:25,019] INFO [GroupCoordinator id=1] Started unloading metadata for __consumer_offsets-23 with epoch OptionalInt[15]. (org.apache.kafka.coordinator.common.runtime.CoordinatorRuntime)
[2025-10-22 10:42:25,019] INFO [GroupCoordinator id=1] Started unloading metadata for __consumer_offsets-3 with epoch OptionalInt[15]. (org.apache.kafka.coordinator.common.runtime.CoordinatorRuntime)
[2025-10-22 10:42:25,019] INFO [GroupCoordinator id=1] Finished unloading metadata for __consumer_offsets-10 with epoch OptionalInt[15]. (org.apache.kafka.coordinator.common.runtime.CoordinatorRuntime)
[2025-10-22 10:42:25,020] INFO [GroupCoordinator id=1] Finished unloading metadata for __consumer_offsets-29 with epoch OptionalInt[15]. (org.apache.kafka.coordinator.common.runtime.CoordinatorRuntime)
[2025-10-22 10:42:25,020] INFO [GroupCoordinator id=1] Finished unloading metadata for __consumer_offsets-3 with epoch OptionalInt[15]. (org.apache.kafka.coordinator.common.runtime.CoordinatorRuntime)
[2025-10-22 10:42:25,020] INFO [GroupCoordinator id=1] Finished unloading metadata for __consumer_offsets-23 with epoch OptionalInt[15]. (org.apache.kafka.coordinator.common.runtime.CoordinatorRuntime)
[2025-10-22 10:42:25,020] INFO [GroupCoordinator id=1] Started unloading metadata for __consumer_offsets-14 with epoch OptionalInt[15]. (org.apache.kafka.coordinator.common.runtime.CoordinatorRuntime)
[2025-10-22 10:42:25,020] INFO [GroupCoordinator id=1] Started unloading metadata for __consumer_offsets-18 with epoch OptionalInt[15]. (org.apache.kafka.coordinator.common.runtime.CoordinatorRuntime)
[2025-10-22 10:42:25,020] INFO [GroupCoordinator id=1] Started unloading metadata for __consumer_offsets-5 with epoch OptionalInt[15]. (org.apache.kafka.coordinator.common.runtime.CoordinatorRuntime)
[2025-10-22 10:42:25,020] INFO [GroupCoordinator id=1] Started unloading metadata for __consumer_offsets-44 with epoch OptionalInt[15]. (org.apache.kafka.coordinator.common.runtime.CoordinatorRuntime)
[2025-10-22 10:42:25,020] INFO [GroupCoordinator id=1] Finished unloading metadata for __consumer_offsets-14 with epoch OptionalInt[15]. (org.apache.kafka.coordinator.common.runtime.CoordinatorRuntime)
[2025-10-22 10:42:25,020] INFO [GroupCoordinator id=1] Finished unloading metadata for __consumer_offsets-18 with epoch OptionalInt[15]. (org.apache.kafka.coordinator.common.runtime.CoordinatorRuntime)
[2025-10-22 10:42:25,020] INFO [GroupCoordinator id=1] Finished unloading metadata for __consumer_offsets-44 with epoch OptionalInt[15]. (org.apache.kafka.coordinator.common.runtime.CoordinatorRuntime)
[2025-10-22 10:42:25,020] INFO [GroupCoordinator id=1] Started unloading metadata for __consumer_offsets-30 with epoch OptionalInt[15]. (org.apache.kafka.coordinator.common.runtime.CoordinatorRuntime)
[2025-10-22 10:42:25,020] INFO [GroupCoordinator id=1 topic=__consumer_offsets partition=5] [GroupId=central-group] Unloading group metadata for generation 12. (org.apache.kafka.coordinator.group.GroupMetadataManager)
[2025-10-22 10:42:25,020] INFO [GroupCoordinator id=1] Started unloading metadata for __consumer_offsets-43 with epoch OptionalInt[15]. (org.apache.kafka.coordinator.common.runtime.CoordinatorRuntime)
[2025-10-22 10:42:25,020] INFO [GroupCoordinator id=1] Started unloading metadata for __consumer_offsets-32 with epoch OptionalInt[15]. (org.apache.kafka.coordinator.common.runtime.CoordinatorRuntime)
[2025-10-22 10:42:25,020] INFO [GroupCoordinator id=1] Finished unloading metadata for __consumer_offsets-30 with epoch OptionalInt[15]. (org.apache.kafka.coordinator.common.runtime.CoordinatorRuntime)
[2025-10-22 10:42:25,020] INFO [GroupCoordinator id=1] Finished unloading metadata for __consumer_offsets-43 with epoch OptionalInt[15]. (org.apache.kafka.coordinator.common.runtime.CoordinatorRuntime)
[2025-10-22 10:42:25,020] INFO [GroupCoordinator id=1] Finished unloading metadata for __consumer_offsets-32 with epoch OptionalInt[15]. (org.apache.kafka.coordinator.common.runtime.CoordinatorRuntime)
[2025-10-22 10:42:25,020] INFO [GroupCoordinator id=1] Started unloading metadata for __consumer_offsets-37 with epoch OptionalInt[15]. (org.apache.kafka.coordinator.common.runtime.CoordinatorRuntime)
[2025-10-22 10:42:25,020] INFO [GroupCoordinator id=1] Finished unloading metadata for __consumer_offsets-37 with epoch OptionalInt[15]. (org.apache.kafka.coordinator.common.runtime.CoordinatorRuntime)
[2025-10-22 10:42:25,020] INFO [GroupCoordinator id=1] Finished unloading metadata for __consumer_offsets-5 with epoch OptionalInt[15]. (org.apache.kafka.coordinator.common.runtime.CoordinatorRuntime)
[2025-10-22 10:42:25,094] INFO [BrokerLifecycleManager id=1] The controller has asked us to exit controlled shutdown. (kafka.server.BrokerLifecycleManager)
[2025-10-22 10:42:25,094] INFO [BrokerLifecycleManager id=1] beginShutdown: shutting down event queue. (org.apache.kafka.queue.KafkaEventQueue)
[2025-10-22 10:42:25,095] INFO [BrokerLifecycleManager id=1] Transitioning from PENDING_CONTROLLED_SHUTDOWN to SHUTTING_DOWN. (kafka.server.BrokerLifecycleManager)
[2025-10-22 10:42:25,096] INFO [broker-1-to-controller-heartbeat-channel-manager]: Shutting down (kafka.server.NodeToControllerRequestThread)
[2025-10-22 10:42:25,096] INFO [broker-1-to-controller-heartbeat-channel-manager]: Stopped (kafka.server.NodeToControllerRequestThread)
[2025-10-22 10:42:25,096] INFO [broker-1-to-controller-heartbeat-channel-manager]: Shutdown completed (kafka.server.NodeToControllerRequestThread)
[2025-10-22 10:42:25,097] INFO [SocketServer listenerType=BROKER, nodeId=1] Stopping socket server request processors (kafka.network.SocketServer)
[2025-10-22 10:42:25,106] INFO Node to controller channel manager for heartbeat shutdown (kafka.server.NodeToControllerChannelManagerImpl)
[2025-10-22 10:42:25,107] INFO [SocketServer listenerType=BROKER, nodeId=1] Stopped socket server request processors (kafka.network.SocketServer)
[2025-10-22 10:42:25,109] INFO [data-plane Kafka Request Handler on Broker 1] shutting down (kafka.server.KafkaRequestHandlerPool)
[2025-10-22 10:42:25,111] INFO [data-plane Kafka Request Handler on Broker 1] shut down completely (kafka.server.KafkaRequestHandlerPool)
[2025-10-22 10:42:25,111] INFO [ExpirationReaper-1-AlterAcls]: Shutting down (org.apache.kafka.server.purgatory.DelayedOperationPurgatory$ExpiredOperationReaper)
[2025-10-22 10:42:25,111] INFO [ExpirationReaper-1-AlterAcls]: Stopped (org.apache.kafka.server.purgatory.DelayedOperationPurgatory$ExpiredOperationReaper)
[2025-10-22 10:42:25,111] INFO [ExpirationReaper-1-AlterAcls]: Shutdown completed (org.apache.kafka.server.purgatory.DelayedOperationPurgatory$ExpiredOperationReaper)
[2025-10-22 10:42:25,112] INFO [KafkaApi-1] Shutdown complete. (kafka.server.KafkaApis)
[2025-10-22 10:42:25,113] INFO [TransactionCoordinator id=1] Shutting down. (kafka.coordinator.transaction.TransactionCoordinator)
[2025-10-22 10:42:25,113] INFO [Transaction State Manager 1]: Shutdown complete (kafka.coordinator.transaction.TransactionStateManager)
[2025-10-22 10:42:25,113] INFO [TxnMarkerSenderThread-1]: Shutting down (kafka.coordinator.transaction.TransactionMarkerChannelManager)
[2025-10-22 10:42:25,113] INFO [TxnMarkerSenderThread-1]: Shutdown completed (kafka.coordinator.transaction.TransactionMarkerChannelManager)
[2025-10-22 10:42:25,113] INFO [TxnMarkerSenderThread-1]: Stopped (kafka.coordinator.transaction.TransactionMarkerChannelManager)
[2025-10-22 10:42:25,114] INFO [TransactionCoordinator id=1] Shutdown complete. (kafka.coordinator.transaction.TransactionCoordinator)
[2025-10-22 10:42:25,115] INFO [GroupCoordinator id=1] Shutting down. (org.apache.kafka.coordinator.group.GroupCoordinatorService)
[2025-10-22 10:42:25,115] INFO [GroupCoordinator id=1] Closing coordinator runtime. (org.apache.kafka.coordinator.common.runtime.CoordinatorRuntime)
[2025-10-22 10:42:25,115] INFO [group-coordinator-reaper]: Shutting down (org.apache.kafka.server.util.timer.SystemTimerReaper$Reaper)
[2025-10-22 10:42:25,115] INFO [group-coordinator-reaper]: Stopped (org.apache.kafka.server.util.timer.SystemTimerReaper$Reaper)
[2025-10-22 10:42:25,115] INFO [group-coordinator-reaper]: Shutdown completed (org.apache.kafka.server.util.timer.SystemTimerReaper$Reaper)
[2025-10-22 10:42:25,115] INFO [GroupCoordinator id=1] Shutting down event processor. (org.apache.kafka.coordinator.common.runtime.MultiThreadedEventProcessor)
[2025-10-22 10:42:25,115] INFO [group-coordinator-event-processor-0]: Shutting down. Draining the remaining events. (org.apache.kafka.coordinator.common.runtime.MultiThreadedEventProcessor$EventProcessorThread)
[2025-10-22 10:42:25,115] INFO [group-coordinator-event-processor-1]: Shutting down. Draining the remaining events. (org.apache.kafka.coordinator.common.runtime.MultiThreadedEventProcessor$EventProcessorThread)
[2025-10-22 10:42:25,115] INFO [group-coordinator-event-processor-2]: Shutting down. Draining the remaining events. (org.apache.kafka.coordinator.common.runtime.MultiThreadedEventProcessor$EventProcessorThread)
[2025-10-22 10:42:25,115] INFO [group-coordinator-event-processor-3]: Shutting down. Draining the remaining events. (org.apache.kafka.coordinator.common.runtime.MultiThreadedEventProcessor$EventProcessorThread)
[2025-10-22 10:42:25,115] INFO [group-coordinator-event-processor-1]: Shutdown completed (org.apache.kafka.coordinator.common.runtime.MultiThreadedEventProcessor$EventProcessorThread)
[2025-10-22 10:42:25,115] INFO [group-coordinator-event-processor-0]: Shutdown completed (org.apache.kafka.coordinator.common.runtime.MultiThreadedEventProcessor$EventProcessorThread)
[2025-10-22 10:42:25,115] INFO [group-coordinator-event-processor-2]: Shutdown completed (org.apache.kafka.coordinator.common.runtime.MultiThreadedEventProcessor$EventProcessorThread)
[2025-10-22 10:42:25,115] INFO [group-coordinator-event-processor-3]: Shutdown completed (org.apache.kafka.coordinator.common.runtime.MultiThreadedEventProcessor$EventProcessorThread)
[2025-10-22 10:42:25,115] INFO [GroupCoordinator id=1] Event processor closed. (org.apache.kafka.coordinator.common.runtime.MultiThreadedEventProcessor)
[2025-10-22 10:42:25,116] INFO [GroupCoordinator id=1] Coordinator runtime closed. (org.apache.kafka.coordinator.common.runtime.CoordinatorRuntime)
[2025-10-22 10:42:25,116] INFO [GroupCoordinator id=1] Shutdown complete. (org.apache.kafka.coordinator.group.GroupCoordinatorService)
[2025-10-22 10:42:25,116] INFO [ShareCoordinator id=1] Shutting down. (org.apache.kafka.coordinator.share.ShareCoordinatorService)
[2025-10-22 10:42:25,116] INFO [ShareCoordinator id=1] Closing coordinator runtime. (org.apache.kafka.coordinator.common.runtime.CoordinatorRuntime)
[2025-10-22 10:42:25,116] INFO [share-coordinator-reaper]: Shutting down (org.apache.kafka.server.util.timer.SystemTimerReaper$Reaper)
[2025-10-22 10:42:25,117] INFO [share-coordinator-reaper]: Shutdown completed (org.apache.kafka.server.util.timer.SystemTimerReaper$Reaper)
[2025-10-22 10:42:25,117] INFO [share-coordinator-reaper]: Stopped (org.apache.kafka.server.util.timer.SystemTimerReaper$Reaper)
[2025-10-22 10:42:25,117] INFO [ShareCoordinator id=1] Shutting down event processor. (org.apache.kafka.coordinator.common.runtime.MultiThreadedEventProcessor)
[2025-10-22 10:42:25,117] INFO [share-coordinator-event-processor-0]: Shutting down. Draining the remaining events. (org.apache.kafka.coordinator.common.runtime.MultiThreadedEventProcessor$EventProcessorThread)
[2025-10-22 10:42:25,117] INFO [share-coordinator-event-processor-0]: Shutdown completed (org.apache.kafka.coordinator.common.runtime.MultiThreadedEventProcessor$EventProcessorThread)
[2025-10-22 10:42:25,117] INFO [ShareCoordinator id=1] Event processor closed. (org.apache.kafka.coordinator.common.runtime.MultiThreadedEventProcessor)
[2025-10-22 10:42:25,117] INFO [ShareCoordinator id=1] Coordinator runtime closed. (org.apache.kafka.coordinator.common.runtime.CoordinatorRuntime)
[2025-10-22 10:42:25,117] INFO [ShareCoordinator id=1] Shutdown complete. (org.apache.kafka.coordinator.share.ShareCoordinatorService)
[2025-10-22 10:42:25,118] INFO [AssignmentsManager id=1]KafkaEventQueue#close: shutting down event queue. (org.apache.kafka.queue.KafkaEventQueue)
[2025-10-22 10:42:25,118] INFO [AssignmentsManager id=1] shutting down. (org.apache.kafka.server.AssignmentsManager)
[2025-10-22 10:42:25,118] INFO [broker-1-to-controller-directory-assignments-channel-manager]: Shutting down (kafka.server.NodeToControllerRequestThread)
[2025-10-22 10:42:25,118] INFO [broker-1-to-controller-directory-assignments-channel-manager]: Stopped (kafka.server.NodeToControllerRequestThread)
[2025-10-22 10:42:25,118] INFO [broker-1-to-controller-directory-assignments-channel-manager]: Shutdown completed (kafka.server.NodeToControllerRequestThread)
[2025-10-22 10:42:25,118] INFO Node to controller channel manager for directory-assignments shutdown (kafka.server.NodeToControllerChannelManagerImpl)
[2025-10-22 10:42:25,118] INFO [AssignmentsManager id=1]closed event queue. (org.apache.kafka.queue.KafkaEventQueue)
[2025-10-22 10:42:25,118] INFO [ReplicaManager broker=1] Shutting down (kafka.server.ReplicaManager)
[2025-10-22 10:42:25,119] INFO [LogDirFailureHandler]: Shutting down (kafka.server.ReplicaManager$LogDirFailureHandler)
[2025-10-22 10:42:25,119] INFO [LogDirFailureHandler]: Stopped (kafka.server.ReplicaManager$LogDirFailureHandler)
[2025-10-22 10:42:25,119] INFO [LogDirFailureHandler]: Shutdown completed (kafka.server.ReplicaManager$LogDirFailureHandler)
[2025-10-22 10:42:25,119] INFO [ReplicaFetcherManager on broker 1] shutting down (kafka.server.ReplicaFetcherManager)
[2025-10-22 10:42:25,120] INFO [ReplicaFetcherManager on broker 1] shutdown completed (kafka.server.ReplicaFetcherManager)
[2025-10-22 10:42:25,120] INFO [ReplicaAlterLogDirsManager on broker 1] shutting down (kafka.server.ReplicaAlterLogDirsManager)
[2025-10-22 10:42:25,120] INFO [ReplicaAlterLogDirsManager on broker 1] shutdown completed (kafka.server.ReplicaAlterLogDirsManager)
[2025-10-22 10:42:25,120] INFO [ExpirationReaper-1-Fetch]: Shutting down (org.apache.kafka.server.purgatory.DelayedOperationPurgatory$ExpiredOperationReaper)
[2025-10-22 10:42:25,120] INFO [ExpirationReaper-1-Fetch]: Shutdown completed (org.apache.kafka.server.purgatory.DelayedOperationPurgatory$ExpiredOperationReaper)
[2025-10-22 10:42:25,120] INFO [ExpirationReaper-1-Fetch]: Stopped (org.apache.kafka.server.purgatory.DelayedOperationPurgatory$ExpiredOperationReaper)
[2025-10-22 10:42:25,121] INFO [ExpirationReaper-1-RemoteFetch]: Shutting down (org.apache.kafka.server.purgatory.DelayedOperationPurgatory$ExpiredOperationReaper)
[2025-10-22 10:42:25,121] INFO [ExpirationReaper-1-RemoteFetch]: Shutdown completed (org.apache.kafka.server.purgatory.DelayedOperationPurgatory$ExpiredOperationReaper)
[2025-10-22 10:42:25,121] INFO [ExpirationReaper-1-RemoteFetch]: Stopped (org.apache.kafka.server.purgatory.DelayedOperationPurgatory$ExpiredOperationReaper)
[2025-10-22 10:42:25,121] INFO [ExpirationReaper-1-RemoteListOffsets]: Shutting down (org.apache.kafka.server.purgatory.DelayedOperationPurgatory$ExpiredOperationReaper)
[2025-10-22 10:42:25,121] INFO [ExpirationReaper-1-RemoteListOffsets]: Shutdown completed (org.apache.kafka.server.purgatory.DelayedOperationPurgatory$ExpiredOperationReaper)
[2025-10-22 10:42:25,121] INFO [ExpirationReaper-1-RemoteListOffsets]: Stopped (org.apache.kafka.server.purgatory.DelayedOperationPurgatory$ExpiredOperationReaper)
[2025-10-22 10:42:25,121] INFO [ExpirationReaper-1-Produce]: Shutting down (org.apache.kafka.server.purgatory.DelayedOperationPurgatory$ExpiredOperationReaper)
[2025-10-22 10:42:25,121] INFO [ExpirationReaper-1-Produce]: Shutdown completed (org.apache.kafka.server.purgatory.DelayedOperationPurgatory$ExpiredOperationReaper)
[2025-10-22 10:42:25,121] INFO [ExpirationReaper-1-Produce]: Stopped (org.apache.kafka.server.purgatory.DelayedOperationPurgatory$ExpiredOperationReaper)
[2025-10-22 10:42:25,122] INFO [ExpirationReaper-1-DeleteRecords]: Shutting down (org.apache.kafka.server.purgatory.DelayedOperationPurgatory$ExpiredOperationReaper)
[2025-10-22 10:42:25,122] INFO [ExpirationReaper-1-DeleteRecords]: Shutdown completed (org.apache.kafka.server.purgatory.DelayedOperationPurgatory$ExpiredOperationReaper)
[2025-10-22 10:42:25,122] INFO [ExpirationReaper-1-DeleteRecords]: Stopped (org.apache.kafka.server.purgatory.DelayedOperationPurgatory$ExpiredOperationReaper)
[2025-10-22 10:42:25,122] INFO [ExpirationReaper-1-ShareFetch]: Shutting down (org.apache.kafka.server.purgatory.DelayedOperationPurgatory$ExpiredOperationReaper)
[2025-10-22 10:42:25,122] INFO [ExpirationReaper-1-ShareFetch]: Stopped (org.apache.kafka.server.purgatory.DelayedOperationPurgatory$ExpiredOperationReaper)
[2025-10-22 10:42:25,122] INFO [ExpirationReaper-1-ShareFetch]: Shutdown completed (org.apache.kafka.server.purgatory.DelayedOperationPurgatory$ExpiredOperationReaper)
[2025-10-22 10:42:25,127] INFO [AddPartitionsToTxnSenderThread-1]: Shutting down (org.apache.kafka.server.transaction.AddPartitionsToTxnManager)
[2025-10-22 10:42:25,127] INFO [AddPartitionsToTxnSenderThread-1]: Stopped (org.apache.kafka.server.transaction.AddPartitionsToTxnManager)
[2025-10-22 10:42:25,127] INFO [AddPartitionsToTxnSenderThread-1]: Shutdown completed (org.apache.kafka.server.transaction.AddPartitionsToTxnManager)
[2025-10-22 10:42:25,128] INFO [ReplicaManager broker=1] Shut down completely (kafka.server.ReplicaManager)
[2025-10-22 10:42:25,128] INFO [broker-1-to-controller-alter-partition-channel-manager]: Shutting down (kafka.server.NodeToControllerRequestThread)
[2025-10-22 10:42:25,128] INFO [broker-1-to-controller-alter-partition-channel-manager]: Shutdown completed (kafka.server.NodeToControllerRequestThread)
[2025-10-22 10:42:25,128] INFO [broker-1-to-controller-alter-partition-channel-manager]: Stopped (kafka.server.NodeToControllerRequestThread)
[2025-10-22 10:42:25,128] INFO Node to controller channel manager for alter-partition shutdown (kafka.server.NodeToControllerChannelManagerImpl)
[2025-10-22 10:42:25,129] INFO [broker-1-to-controller-forwarding-channel-manager]: Shutting down (kafka.server.NodeToControllerRequestThread)
[2025-10-22 10:42:25,129] INFO [broker-1-to-controller-forwarding-channel-manager]: Stopped (kafka.server.NodeToControllerRequestThread)
[2025-10-22 10:42:25,129] INFO [broker-1-to-controller-forwarding-channel-manager]: Shutdown completed (kafka.server.NodeToControllerRequestThread)
[2025-10-22 10:42:25,129] INFO Node to controller channel manager for forwarding shutdown (kafka.server.NodeToControllerChannelManagerImpl)
[2025-10-22 10:42:25,129] INFO Shutting down. (kafka.log.LogManager)
[2025-10-22 10:42:25,162] INFO [ProducerStateManager partition=central-to-monitor-0] Wrote producer snapshot at offset 2 with 0 producer ids in 3 ms. (org.apache.kafka.storage.internals.log.ProducerStateManager)
[2025-10-22 10:42:25,222] INFO [ProducerStateManager partition=cp-registro-0] Wrote producer snapshot at offset 5 with 0 producer ids in 2 ms. (org.apache.kafka.storage.internals.log.ProducerStateManager)
[2025-10-22 10:42:25,361] INFO [ProducerStateManager partition=monitor-registro-0] Wrote producer snapshot at offset 2 with 0 producer ids in 2 ms. (org.apache.kafka.storage.internals.log.ProducerStateManager)
[2025-10-22 10:42:25,370] INFO [ProducerStateManager partition=__consumer_offsets-18] Wrote producer snapshot at offset 4 with 0 producer ids in 2 ms. (org.apache.kafka.storage.internals.log.ProducerStateManager)
[2025-10-22 10:42:25,427] INFO [ProducerStateManager partition=central-to-cp-0] Wrote producer snapshot at offset 5 with 0 producer ids in 3 ms. (org.apache.kafka.storage.internals.log.ProducerStateManager)
[2025-10-22 10:42:25,469] INFO [ProducerStateManager partition=__consumer_offsets-5] Wrote producer snapshot at offset 3667 with 0 producer ids in 2 ms. (org.apache.kafka.storage.internals.log.ProducerStateManager)
[2025-10-22 10:42:25,526] INFO Shutdown complete. (kafka.log.LogManager)
[2025-10-22 10:42:25,526] INFO [broker-1-ThrottledChannelReaper-Fetch]: Shutting down (kafka.server.ClientQuotaManager$ThrottledChannelReaper)
[2025-10-22 10:42:25,527] INFO [broker-1-ThrottledChannelReaper-Fetch]: Stopped (kafka.server.ClientQuotaManager$ThrottledChannelReaper)
[2025-10-22 10:42:25,527] INFO [broker-1-ThrottledChannelReaper-Fetch]: Shutdown completed (kafka.server.ClientQuotaManager$ThrottledChannelReaper)
[2025-10-22 10:42:25,527] INFO [broker-1-ThrottledChannelReaper-Produce]: Shutting down (kafka.server.ClientQuotaManager$ThrottledChannelReaper)
[2025-10-22 10:42:25,527] INFO [broker-1-ThrottledChannelReaper-Produce]: Stopped (kafka.server.ClientQuotaManager$ThrottledChannelReaper)
[2025-10-22 10:42:25,527] INFO [broker-1-ThrottledChannelReaper-Produce]: Shutdown completed (kafka.server.ClientQuotaManager$ThrottledChannelReaper)
[2025-10-22 10:42:25,527] INFO [broker-1-ThrottledChannelReaper-Request]: Shutting down (kafka.server.ClientQuotaManager$ThrottledChannelReaper)
[2025-10-22 10:42:25,527] INFO [broker-1-ThrottledChannelReaper-Request]: Shutdown completed (kafka.server.ClientQuotaManager$ThrottledChannelReaper)
[2025-10-22 10:42:25,527] INFO [broker-1-ThrottledChannelReaper-ControllerMutation]: Shutting down (kafka.server.ClientQuotaManager$ThrottledChannelReaper)
[2025-10-22 10:42:25,527] INFO [broker-1-ThrottledChannelReaper-Request]: Stopped (kafka.server.ClientQuotaManager$ThrottledChannelReaper)
[2025-10-22 10:42:25,528] INFO [broker-1-ThrottledChannelReaper-ControllerMutation]: Shutdown completed (kafka.server.ClientQuotaManager$ThrottledChannelReaper)
[2025-10-22 10:42:25,528] INFO [broker-1-ThrottledChannelReaper-ControllerMutation]: Stopped (kafka.server.ClientQuotaManager$ThrottledChannelReaper)
[2025-10-22 10:42:25,528] INFO [SocketServer listenerType=BROKER, nodeId=1] Shutting down socket server (kafka.network.SocketServer)
[2025-10-22 10:42:25,538] INFO [SocketServer listenerType=BROKER, nodeId=1] Shutdown completed (kafka.network.SocketServer)
[2025-10-22 10:42:25,538] INFO Broker and topic stats closed (org.apache.kafka.storage.log.metrics.BrokerTopicStats)
[2025-10-22 10:42:25,538] INFO [share-group-lock-timeout-reaper]: Shutting down (org.apache.kafka.server.util.timer.SystemTimerReaper$Reaper)
[2025-10-22 10:42:25,539] INFO [share-group-lock-timeout-reaper]: Shutdown completed (org.apache.kafka.server.util.timer.SystemTimerReaper$Reaper)
[2025-10-22 10:42:25,539] INFO [share-group-lock-timeout-reaper]: Stopped (org.apache.kafka.server.util.timer.SystemTimerReaper$Reaper)
[2025-10-22 10:42:25,540] INFO [PersisterStateManager]: Shutting down (org.apache.kafka.server.share.persister.PersisterStateManager$SendThread)
[2025-10-22 10:42:25,540] INFO [PersisterStateManager]: Stopped (org.apache.kafka.server.share.persister.PersisterStateManager$SendThread)
[2025-10-22 10:42:25,540] INFO [PersisterStateManager]: Shutdown completed (org.apache.kafka.server.share.persister.PersisterStateManager$SendThread)
[2025-10-22 10:42:25,540] INFO [persister-state-manager-reaper]: Shutting down (org.apache.kafka.server.util.timer.SystemTimerReaper$Reaper)
[2025-10-22 10:42:25,540] INFO [persister-state-manager-reaper]: Stopped (org.apache.kafka.server.util.timer.SystemTimerReaper$Reaper)
[2025-10-22 10:42:25,540] INFO [persister-state-manager-reaper]: Shutdown completed (org.apache.kafka.server.util.timer.SystemTimerReaper$Reaper)
[2025-10-22 10:42:25,540] INFO [BrokerLifecycleManager id=1] closed event queue. (org.apache.kafka.queue.KafkaEventQueue)
[2025-10-22 10:42:25,541] INFO [client-metrics-reaper]: Shutting down (org.apache.kafka.server.util.timer.SystemTimerReaper$Reaper)
[2025-10-22 10:42:25,541] INFO [client-metrics-reaper]: Shutdown completed (org.apache.kafka.server.util.timer.SystemTimerReaper$Reaper)
[2025-10-22 10:42:25,541] INFO [client-metrics-reaper]: Stopped (org.apache.kafka.server.util.timer.SystemTimerReaper$Reaper)
[2025-10-22 10:42:25,542] INFO [BrokerServer id=1] shut down completed (kafka.server.BrokerServer)
[2025-10-22 10:42:25,542] INFO [BrokerServer id=1] Transition from SHUTTING_DOWN to SHUTDOWN (kafka.server.BrokerServer)
[2025-10-22 10:42:25,542] INFO [ControllerServer id=1] shutting down (kafka.server.ControllerServer)
[2025-10-22 10:42:25,543] INFO [raft-expiration-reaper]: Shutting down (org.apache.kafka.raft.TimingWheelExpirationService$ExpiredOperationReaper)
[2025-10-22 10:42:25,601] INFO [raft-expiration-reaper]: Stopped (org.apache.kafka.raft.TimingWheelExpirationService$ExpiredOperationReaper)
[2025-10-22 10:42:25,601] INFO [raft-expiration-reaper]: Shutdown completed (org.apache.kafka.raft.TimingWheelExpirationService$ExpiredOperationReaper)
[2025-10-22 10:42:25,601] INFO [kafka-1-raft-io-thread]: Shutting down (org.apache.kafka.raft.KafkaRaftClientDriver)
[2025-10-22 10:42:25,601] INFO [RaftManager id=1] Beginning graceful shutdown (org.apache.kafka.raft.KafkaRaftClient)
[2025-10-22 10:42:25,602] INFO [RaftManager id=1] Graceful shutdown completed (org.apache.kafka.raft.KafkaRaftClient)
[2025-10-22 10:42:25,602] INFO [RaftManager id=1] Completed graceful shutdown of RaftClient (org.apache.kafka.raft.KafkaRaftClientDriver)
[2025-10-22 10:42:25,602] INFO [kafka-1-raft-io-thread]: Stopped (org.apache.kafka.raft.KafkaRaftClientDriver)
[2025-10-22 10:42:25,602] INFO [kafka-1-raft-io-thread]: Shutdown completed (org.apache.kafka.raft.KafkaRaftClientDriver)
[2025-10-22 10:42:25,605] INFO [kafka-1-raft-outbound-request-thread]: Shutting down (org.apache.kafka.raft.KafkaNetworkChannel$SendThread)
[2025-10-22 10:42:25,605] INFO [kafka-1-raft-outbound-request-thread]: Shutdown completed (org.apache.kafka.raft.KafkaNetworkChannel$SendThread)
[2025-10-22 10:42:25,605] INFO [kafka-1-raft-outbound-request-thread]: Stopped (org.apache.kafka.raft.KafkaNetworkChannel$SendThread)
[2025-10-22 10:42:25,607] INFO [ProducerStateManager partition=__cluster_metadata-0] Wrote producer snapshot at offset 11214 with 0 producer ids in 2 ms. (org.apache.kafka.storage.internals.log.ProducerStateManager)
[2025-10-22 10:42:25,612] INFO [ControllerRegistrationManager id=1 incarnation=UOhDom_sTiq9wnZPb_YU2w] beginShutdown: shutting down event queue. (org.apache.kafka.queue.KafkaEventQueue)
[2025-10-22 10:42:25,612] INFO [ControllerRegistrationManager id=1 incarnation=UOhDom_sTiq9wnZPb_YU2w] shutting down. (kafka.server.ControllerRegistrationManager)
[2025-10-22 10:42:25,612] INFO [controller-1-to-controller-registration-channel-manager]: Shutting down (kafka.server.NodeToControllerRequestThread)
[2025-10-22 10:42:25,612] INFO [controller-1-to-controller-registration-channel-manager]: Stopped (kafka.server.NodeToControllerRequestThread)
[2025-10-22 10:42:25,612] INFO [controller-1-to-controller-registration-channel-manager]: Shutdown completed (kafka.server.NodeToControllerRequestThread)
[2025-10-22 10:42:25,612] INFO Node to controller channel manager for registration shutdown (kafka.server.NodeToControllerChannelManagerImpl)
[2025-10-22 10:42:25,613] INFO [ControllerRegistrationManager id=1 incarnation=UOhDom_sTiq9wnZPb_YU2w] closed event queue. (org.apache.kafka.queue.KafkaEventQueue)
[2025-10-22 10:42:25,613] INFO [controller-1-to-controller-registration-channel-manager]: Shutdown completed (kafka.server.NodeToControllerRequestThread)
[2025-10-22 10:42:25,613] WARN [NodeToControllerChannelManager id=1 name=registration] Attempting to close NetworkClient that has already been closed. (org.apache.kafka.clients.NetworkClient)
[2025-10-22 10:42:25,613] INFO Node to controller channel manager for registration shutdown (kafka.server.NodeToControllerChannelManagerImpl)
[2025-10-22 10:42:25,613] INFO [ControllerRegistrationManager id=1 incarnation=UOhDom_sTiq9wnZPb_YU2w] closed event queue. (org.apache.kafka.queue.KafkaEventQueue)
[2025-10-22 10:42:25,614] INFO [SocketServer listenerType=CONTROLLER, nodeId=1] Stopping socket server request processors (kafka.network.SocketServer)
[2025-10-22 10:42:25,617] INFO [SocketServer listenerType=CONTROLLER, nodeId=1] Stopped socket server request processors (kafka.network.SocketServer)
[2025-10-22 10:42:25,617] INFO [QuorumController id=1] QuorumController#beginShutdown: shutting down event queue. (org.apache.kafka.queue.KafkaEventQueue)
[2025-10-22 10:42:25,618] INFO [SocketServer listenerType=CONTROLLER, nodeId=1] Shutting down socket server (kafka.network.SocketServer)
[2025-10-22 10:42:25,623] INFO [SocketServer listenerType=CONTROLLER, nodeId=1] Shutdown completed (kafka.network.SocketServer)
[2025-10-22 10:42:25,624] INFO [data-plane Kafka Request Handler on Controller 1] shutting down (kafka.server.KafkaRequestHandlerPool)
[2025-10-22 10:42:25,624] INFO [data-plane Kafka Request Handler on Controller 1] shut down completely (kafka.server.KafkaRequestHandlerPool)
[2025-10-22 10:42:25,625] INFO [ExpirationReaper-1-AlterAcls]: Shutting down (org.apache.kafka.server.purgatory.DelayedOperationPurgatory$ExpiredOperationReaper)
[2025-10-22 10:42:25,625] INFO [ExpirationReaper-1-AlterAcls]: Shutdown completed (org.apache.kafka.server.purgatory.DelayedOperationPurgatory$ExpiredOperationReaper)
[2025-10-22 10:42:25,625] INFO [ExpirationReaper-1-AlterAcls]: Stopped (org.apache.kafka.server.purgatory.DelayedOperationPurgatory$ExpiredOperationReaper)
[2025-10-22 10:42:25,625] INFO [controller-1-ThrottledChannelReaper-Fetch]: Shutting down (kafka.server.ClientQuotaManager$ThrottledChannelReaper)
[2025-10-22 10:42:25,625] INFO [controller-1-ThrottledChannelReaper-Fetch]: Stopped (kafka.server.ClientQuotaManager$ThrottledChannelReaper)
[2025-10-22 10:42:25,625] INFO [controller-1-ThrottledChannelReaper-Fetch]: Shutdown completed (kafka.server.ClientQuotaManager$ThrottledChannelReaper)
[2025-10-22 10:42:25,625] INFO [controller-1-ThrottledChannelReaper-Produce]: Shutting down (kafka.server.ClientQuotaManager$ThrottledChannelReaper)
[2025-10-22 10:42:25,626] INFO [controller-1-ThrottledChannelReaper-Produce]: Shutdown completed (kafka.server.ClientQuotaManager$ThrottledChannelReaper)
[2025-10-22 10:42:25,626] INFO [controller-1-ThrottledChannelReaper-Produce]: Stopped (kafka.server.ClientQuotaManager$ThrottledChannelReaper)
[2025-10-22 10:42:25,626] INFO [controller-1-ThrottledChannelReaper-Request]: Shutting down (kafka.server.ClientQuotaManager$ThrottledChannelReaper)
[2025-10-22 10:42:25,626] INFO [controller-1-ThrottledChannelReaper-Request]: Stopped (kafka.server.ClientQuotaManager$ThrottledChannelReaper)
[2025-10-22 10:42:25,626] INFO [controller-1-ThrottledChannelReaper-Request]: Shutdown completed (kafka.server.ClientQuotaManager$ThrottledChannelReaper)
[2025-10-22 10:42:25,626] INFO [controller-1-ThrottledChannelReaper-ControllerMutation]: Shutting down (kafka.server.ClientQuotaManager$ThrottledChannelReaper)
[2025-10-22 10:42:25,626] INFO [controller-1-ThrottledChannelReaper-ControllerMutation]: Shutdown completed (kafka.server.ClientQuotaManager$ThrottledChannelReaper)
[2025-10-22 10:42:25,626] INFO [controller-1-ThrottledChannelReaper-ControllerMutation]: Stopped (kafka.server.ClientQuotaManager$ThrottledChannelReaper)
[2025-10-22 10:42:25,626] INFO [QuorumController id=1] closed event queue. (org.apache.kafka.queue.KafkaEventQueue)
[2025-10-22 10:42:25,627] INFO [SharedServer id=1] Stopping SharedServer (kafka.server.SharedServer)
[2025-10-22 10:42:25,627] INFO [MetadataLoader id=1] beginShutdown: shutting down event queue. (org.apache.kafka.queue.KafkaEventQueue)
[2025-10-22 10:42:25,627] INFO [SnapshotGenerator id=1] close: shutting down event queue. (org.apache.kafka.queue.KafkaEventQueue)
[2025-10-22 10:42:25,628] INFO [SnapshotGenerator id=1] closed event queue. (org.apache.kafka.queue.KafkaEventQueue)
[2025-10-22 10:42:25,628] INFO [MetadataLoader id=1] closed event queue. (org.apache.kafka.queue.KafkaEventQueue)
[2025-10-22 10:42:25,628] INFO [SnapshotGenerator id=1] closed event queue. (org.apache.kafka.queue.KafkaEventQueue)
[2025-10-22 10:42:25,628] INFO Metrics scheduler closed (org.apache.kafka.common.metrics.Metrics)
[2025-10-22 10:42:25,628] INFO Closing reporter org.apache.kafka.common.metrics.JmxReporter (org.apache.kafka.common.metrics.Metrics)
[2025-10-22 10:42:25,628] INFO Metrics reporters closed (org.apache.kafka.common.metrics.Metrics)
[2025-10-22 10:42:25,629] INFO App info kafka.server for 1 unregistered (org.apache.kafka.common.utils.AppInfoParser)
[2025-10-22 10:42:25,629] INFO App info kafka.server for 1 unregistered (org.apache.kafka.common.utils.AppInfoParser)
