[2025-10-23 10:39:22,505] INFO [Broker id=1] Transitioning 1 partition(s) to local leaders. (state.change.logger)
[2025-10-23 10:39:22,506] INFO [Broker id=1] Creating new partition ticket-0 with topic id uESZN092SAGeiV_tuchKdA. (state.change.logger)
[2025-10-23 10:39:22,516] INFO [Broker id=1] Leader ticket-0 with topic id Some(uESZN092SAGeiV_tuchKdA) starts at leader epoch 0 from offset 0 with partition epoch 0, high watermark 0, ISR [1], adding replicas [] and removing replicas [] . Previous leader None and previous leader epoch was -1. (state.change.logger)
[2025-10-23 10:51:02,833] INFO [Broker id=1] Transitioning 62 partition(s) to local followers. (state.change.logger)
[2025-10-23 10:51:02,833] INFO [Broker id=1] Follower __consumer_offsets-13 starts at leader epoch 17 from offset 0 with partition epoch 17 and high watermark 0. Current leader is -1. Previous leader Some(-1) and previous leader epoch was 17. (state.change.logger)
[2025-10-23 10:51:02,833] INFO [Broker id=1] Follower __consumer_offsets-46 starts at leader epoch 17 from offset 0 with partition epoch 17 and high watermark 0. Current leader is -1. Previous leader Some(-1) and previous leader epoch was 17. (state.change.logger)
[2025-10-23 10:51:02,833] INFO [Broker id=1] Follower __consumer_offsets-9 starts at leader epoch 17 from offset 0 with partition epoch 17 and high watermark 0. Current leader is -1. Previous leader Some(-1) and previous leader epoch was 17. (state.change.logger)
[2025-10-23 10:51:02,833] INFO [Broker id=1] Follower __consumer_offsets-42 starts at leader epoch 17 from offset 0 with partition epoch 17 and high watermark 0. Current leader is -1. Previous leader Some(-1) and previous leader epoch was 17. (state.change.logger)
[2025-10-23 10:51:02,833] INFO [Broker id=1] Follower __consumer_offsets-21 starts at leader epoch 17 from offset 0 with partition epoch 17 and high watermark 0. Current leader is -1. Previous leader Some(-1) and previous leader epoch was 17. (state.change.logger)
[2025-10-23 10:51:02,833] INFO [Broker id=1] Follower __consumer_offsets-17 starts at leader epoch 17 from offset 0 with partition epoch 17 and high watermark 0. Current leader is -1. Previous leader Some(-1) and previous leader epoch was 17. (state.change.logger)
[2025-10-23 10:51:02,833] INFO [Broker id=1] Follower monitor-registro-0 starts at leader epoch 3 from offset 15 with partition epoch 3 and high watermark 15. Current leader is -1. Previous leader Some(-1) and previous leader epoch was 3. (state.change.logger)
[2025-10-23 10:51:02,833] INFO [Broker id=1] Follower SD-0 starts at leader epoch 17 from offset 6 with partition epoch 17 and high watermark 6. Current leader is -1. Previous leader Some(-1) and previous leader epoch was 17. (state.change.logger)
[2025-10-23 10:51:02,833] INFO [Broker id=1] Follower __consumer_offsets-30 starts at leader epoch 17 from offset 0 with partition epoch 17 and high watermark 0. Current leader is -1. Previous leader Some(-1) and previous leader epoch was 17. (state.change.logger)
[2025-10-23 10:51:02,833] INFO [Broker id=1] Follower __consumer_offsets-26 starts at leader epoch 17 from offset 0 with partition epoch 17 and high watermark 0. Current leader is -1. Previous leader Some(-1) and previous leader epoch was 17. (state.change.logger)
[2025-10-23 10:51:02,834] INFO [Broker id=1] Follower __consumer_offsets-5 starts at leader epoch 17 from offset 12454 with partition epoch 17 and high watermark 12454. Current leader is -1. Previous leader Some(-1) and previous leader epoch was 17. (state.change.logger)
[2025-10-23 10:51:02,834] INFO [Broker id=1] Follower __consumer_offsets-38 starts at leader epoch 17 from offset 0 with partition epoch 17 and high watermark 0. Current leader is -1. Previous leader Some(-1) and previous leader epoch was 17. (state.change.logger)
[2025-10-23 10:51:02,834] INFO [Broker id=1] Follower __consumer_offsets-1 starts at leader epoch 17 from offset 0 with partition epoch 17 and high watermark 0. Current leader is -1. Previous leader Some(-1) and previous leader epoch was 17. (state.change.logger)
[2025-10-23 10:51:02,834] INFO [Broker id=1] Follower __consumer_offsets-34 starts at leader epoch 17 from offset 0 with partition epoch 17 and high watermark 0. Current leader is -1. Previous leader Some(-1) and previous leader epoch was 17. (state.change.logger)
[2025-10-23 10:51:02,834] INFO [Broker id=1] Follower __consumer_offsets-16 starts at leader epoch 17 from offset 0 with partition epoch 17 and high watermark 0. Current leader is -1. Previous leader Some(-1) and previous leader epoch was 17. (state.change.logger)
[2025-10-23 10:51:02,834] INFO [Broker id=1] Follower cp-registro-0 starts at leader epoch 5 from offset 20 with partition epoch 5 and high watermark 20. Current leader is -1. Previous leader Some(-1) and previous leader epoch was 5. (state.change.logger)
[2025-10-23 10:51:02,834] INFO [Broker id=1] Follower __consumer_offsets-45 starts at leader epoch 17 from offset 0 with partition epoch 17 and high watermark 0. Current leader is -1. Previous leader Some(-1) and previous leader epoch was 17. (state.change.logger)
[2025-10-23 10:51:02,834] INFO [Broker id=1] Follower fallo-cp-0 starts at leader epoch 5 from offset 31 with partition epoch 5 and high watermark 31. Current leader is -1. Previous leader Some(-1) and previous leader epoch was 5. (state.change.logger)
[2025-10-23 10:51:02,834] INFO [Broker id=1] Follower recuperacion-cp-0 starts at leader epoch 5 from offset 8 with partition epoch 5 and high watermark 8. Current leader is -1. Previous leader Some(-1) and previous leader epoch was 5. (state.change.logger)
[2025-10-23 10:51:02,834] INFO [Broker id=1] Follower __consumer_offsets-12 starts at leader epoch 17 from offset 0 with partition epoch 17 and high watermark 0. Current leader is -1. Previous leader Some(-1) and previous leader epoch was 17. (state.change.logger)
[2025-10-23 10:51:02,834] INFO [Broker id=1] Follower ticket-0 starts at leader epoch 1 from offset 2 with partition epoch 1 and high watermark 2. Current leader is -1. Previous leader Some(-1) and previous leader epoch was 1. (state.change.logger)
[2025-10-23 10:51:02,834] INFO [Broker id=1] Follower __consumer_offsets-41 starts at leader epoch 17 from offset 0 with partition epoch 17 and high watermark 0. Current leader is -1. Previous leader Some(-1) and previous leader epoch was 17. (state.change.logger)
[2025-10-23 10:51:02,834] INFO [Broker id=1] Follower __consumer_offsets-24 starts at leader epoch 17 from offset 0 with partition epoch 17 and high watermark 0. Current leader is -1. Previous leader Some(-1) and previous leader epoch was 17. (state.change.logger)
[2025-10-23 10:51:02,834] INFO [Broker id=1] Follower __consumer_offsets-20 starts at leader epoch 17 from offset 0 with partition epoch 17 and high watermark 0. Current leader is -1. Previous leader Some(-1) and previous leader epoch was 17. (state.change.logger)
[2025-10-23 10:51:02,834] INFO [Broker id=1] Follower __consumer_offsets-49 starts at leader epoch 17 from offset 0 with partition epoch 17 and high watermark 0. Current leader is -1. Previous leader Some(-1) and previous leader epoch was 17. (state.change.logger)
[2025-10-23 10:51:02,835] INFO [Broker id=1] Follower cp-autorizacion-0 starts at leader epoch 5 from offset 0 with partition epoch 5 and high watermark 0. Current leader is -1. Previous leader Some(-1) and previous leader epoch was 5. (state.change.logger)
[2025-10-23 10:51:02,835] INFO [Broker id=1] Follower __consumer_offsets-0 starts at leader epoch 17 from offset 0 with partition epoch 17 and high watermark 0. Current leader is -1. Previous leader Some(-1) and previous leader epoch was 17. (state.change.logger)
[2025-10-23 10:51:02,835] INFO [Broker id=1] Follower __consumer_offsets-29 starts at leader epoch 17 from offset 0 with partition epoch 17 and high watermark 0. Current leader is -1. Previous leader Some(-1) and previous leader epoch was 17. (state.change.logger)
[2025-10-23 10:51:02,835] INFO [Broker id=1] Follower __consumer_offsets-25 starts at leader epoch 17 from offset 0 with partition epoch 17 and high watermark 0. Current leader is -1. Previous leader Some(-1) and previous leader epoch was 17. (state.change.logger)
[2025-10-23 10:51:02,835] INFO [Broker id=1] Follower __consumer_offsets-8 starts at leader epoch 17 from offset 0 with partition epoch 17 and high watermark 0. Current leader is -1. Previous leader Some(-1) and previous leader epoch was 17. (state.change.logger)
[2025-10-23 10:51:02,835] INFO [Broker id=1] Follower __consumer_offsets-37 starts at leader epoch 17 from offset 0 with partition epoch 17 and high watermark 0. Current leader is -1. Previous leader Some(-1) and previous leader epoch was 17. (state.change.logger)
[2025-10-23 10:51:02,835] INFO [Broker id=1] Follower __consumer_offsets-4 starts at leader epoch 17 from offset 0 with partition epoch 17 and high watermark 0. Current leader is -1. Previous leader Some(-1) and previous leader epoch was 17. (state.change.logger)
[2025-10-23 10:51:02,835] INFO [Broker id=1] Follower __consumer_offsets-33 starts at leader epoch 17 from offset 0 with partition epoch 17 and high watermark 0. Current leader is -1. Previous leader Some(-1) and previous leader epoch was 17. (state.change.logger)
[2025-10-23 10:51:02,835] INFO [Broker id=1] Follower __consumer_offsets-15 starts at leader epoch 17 from offset 0 with partition epoch 17 and high watermark 0. Current leader is -1. Previous leader Some(-1) and previous leader epoch was 17. (state.change.logger)
[2025-10-23 10:51:02,835] INFO [Broker id=1] Follower __consumer_offsets-48 starts at leader epoch 17 from offset 0 with partition epoch 17 and high watermark 0. Current leader is -1. Previous leader Some(-1) and previous leader epoch was 17. (state.change.logger)
[2025-10-23 10:51:02,835] INFO [Broker id=1] Follower __consumer_offsets-11 starts at leader epoch 17 from offset 0 with partition epoch 17 and high watermark 0. Current leader is -1. Previous leader Some(-1) and previous leader epoch was 17. (state.change.logger)
[2025-10-23 10:51:02,835] INFO [Broker id=1] Follower __consumer_offsets-44 starts at leader epoch 17 from offset 0 with partition epoch 17 and high watermark 0. Current leader is -1. Previous leader Some(-1) and previous leader epoch was 17. (state.change.logger)
[2025-10-23 10:51:02,835] INFO [Broker id=1] Follower __consumer_offsets-23 starts at leader epoch 17 from offset 0 with partition epoch 17 and high watermark 0. Current leader is -1. Previous leader Some(-1) and previous leader epoch was 17. (state.change.logger)
[2025-10-23 10:51:02,835] INFO [Broker id=1] Follower __consumer_offsets-19 starts at leader epoch 17 from offset 0 with partition epoch 17 and high watermark 0. Current leader is -1. Previous leader Some(-1) and previous leader epoch was 17. (state.change.logger)
[2025-10-23 10:51:02,835] INFO [Broker id=1] Follower sistema-eventos-0 starts at leader epoch 5 from offset 36 with partition epoch 5 and high watermark 36. Current leader is -1. Previous leader Some(-1) and previous leader epoch was 5. (state.change.logger)
[2025-10-23 10:51:02,835] INFO [Broker id=1] Follower cp-estado-0 starts at leader epoch 5 from offset 8 with partition epoch 5 and high watermark 8. Current leader is -1. Previous leader Some(-1) and previous leader epoch was 5. (state.change.logger)
[2025-10-23 10:51:02,835] INFO [Broker id=1] Follower __consumer_offsets-32 starts at leader epoch 17 from offset 0 with partition epoch 17 and high watermark 0. Current leader is -1. Previous leader Some(-1) and previous leader epoch was 17. (state.change.logger)
[2025-10-23 10:51:02,835] INFO [Broker id=1] Follower __consumer_offsets-28 starts at leader epoch 17 from offset 0 with partition epoch 17 and high watermark 0. Current leader is -1. Previous leader Some(-1) and previous leader epoch was 17. (state.change.logger)
[2025-10-23 10:51:02,835] INFO [Broker id=1] Follower __consumer_offsets-7 starts at leader epoch 17 from offset 0 with partition epoch 17 and high watermark 0. Current leader is -1. Previous leader Some(-1) and previous leader epoch was 17. (state.change.logger)
[2025-10-23 10:51:02,835] INFO [Broker id=1] Follower __consumer_offsets-40 starts at leader epoch 17 from offset 0 with partition epoch 17 and high watermark 0. Current leader is -1. Previous leader Some(-1) and previous leader epoch was 17. (state.change.logger)
[2025-10-23 10:51:02,835] INFO [Broker id=1] Follower __consumer_offsets-3 starts at leader epoch 17 from offset 0 with partition epoch 17 and high watermark 0. Current leader is -1. Previous leader Some(-1) and previous leader epoch was 17. (state.change.logger)
[2025-10-23 10:51:02,836] INFO [Broker id=1] Follower __consumer_offsets-36 starts at leader epoch 17 from offset 0 with partition epoch 17 and high watermark 0. Current leader is -1. Previous leader Some(-1) and previous leader epoch was 17. (state.change.logger)
[2025-10-23 10:51:02,836] INFO [Broker id=1] Follower __consumer_offsets-47 starts at leader epoch 17 from offset 0 with partition epoch 17 and high watermark 0. Current leader is -1. Previous leader Some(-1) and previous leader epoch was 17. (state.change.logger)
[2025-10-23 10:51:02,836] INFO [Broker id=1] Follower __consumer_offsets-14 starts at leader epoch 17 from offset 0 with partition epoch 17 and high watermark 0. Current leader is -1. Previous leader Some(-1) and previous leader epoch was 17. (state.change.logger)
[2025-10-23 10:51:02,836] INFO [Broker id=1] Follower __consumer_offsets-43 starts at leader epoch 17 from offset 0 with partition epoch 17 and high watermark 0. Current leader is -1. Previous leader Some(-1) and previous leader epoch was 17. (state.change.logger)
[2025-10-23 10:51:02,836] INFO [Broker id=1] Follower __consumer_offsets-10 starts at leader epoch 17 from offset 0 with partition epoch 17 and high watermark 0. Current leader is -1. Previous leader Some(-1) and previous leader epoch was 17. (state.change.logger)
[2025-10-23 10:51:02,836] INFO [Broker id=1] Follower actualizacion-recarga-0 starts at leader epoch 5 from offset 223 with partition epoch 5 and high watermark 223. Current leader is -1. Previous leader Some(-1) and previous leader epoch was 5. (state.change.logger)
[2025-10-23 10:51:02,836] INFO [Broker id=1] Follower __consumer_offsets-22 starts at leader epoch 17 from offset 0 with partition epoch 17 and high watermark 0. Current leader is -1. Previous leader Some(-1) and previous leader epoch was 17. (state.change.logger)
[2025-10-23 10:51:02,836] INFO [Broker id=1] Follower central-to-monitor-0 starts at leader epoch 3 from offset 15 with partition epoch 3 and high watermark 15. Current leader is -1. Previous leader Some(-1) and previous leader epoch was 3. (state.change.logger)
[2025-10-23 10:51:02,836] INFO [Broker id=1] Follower __consumer_offsets-18 starts at leader epoch 17 from offset 4 with partition epoch 17 and high watermark 4. Current leader is -1. Previous leader Some(-1) and previous leader epoch was 17. (state.change.logger)
[2025-10-23 10:51:02,836] INFO [Broker id=1] Follower __consumer_offsets-31 starts at leader epoch 17 from offset 0 with partition epoch 17 and high watermark 0. Current leader is -1. Previous leader Some(-1) and previous leader epoch was 17. (state.change.logger)
[2025-10-23 10:51:02,836] INFO [Broker id=1] Follower central-to-cp-0 starts at leader epoch 5 from offset 287 with partition epoch 5 and high watermark 287. Current leader is -1. Previous leader Some(-1) and previous leader epoch was 5. (state.change.logger)
[2025-10-23 10:51:02,836] INFO [Broker id=1] Follower __consumer_offsets-27 starts at leader epoch 17 from offset 0 with partition epoch 17 and high watermark 0. Current leader is -1. Previous leader Some(-1) and previous leader epoch was 17. (state.change.logger)
[2025-10-23 10:51:02,836] INFO [Broker id=1] Follower __consumer_offsets-39 starts at leader epoch 17 from offset 0 with partition epoch 17 and high watermark 0. Current leader is -1. Previous leader Some(-1) and previous leader epoch was 17. (state.change.logger)
[2025-10-23 10:51:02,836] INFO [Broker id=1] Follower __consumer_offsets-6 starts at leader epoch 17 from offset 0 with partition epoch 17 and high watermark 0. Current leader is -1. Previous leader Some(-1) and previous leader epoch was 17. (state.change.logger)
[2025-10-23 10:51:02,836] INFO [Broker id=1] Follower __consumer_offsets-35 starts at leader epoch 17 from offset 0 with partition epoch 17 and high watermark 0. Current leader is -1. Previous leader Some(-1) and previous leader epoch was 17. (state.change.logger)
[2025-10-23 10:51:02,836] INFO [Broker id=1] Follower __consumer_offsets-2 starts at leader epoch 17 from offset 0 with partition epoch 17 and high watermark 0. Current leader is -1. Previous leader Some(-1) and previous leader epoch was 17. (state.change.logger)
[2025-10-23 10:51:02,839] INFO [Broker id=1] Stopped fetchers as part of controlled shutdown for 62 partitions (state.change.logger)
[2025-10-23 10:51:13,442] INFO [Broker id=1] Transitioning 62 partition(s) to local followers. (state.change.logger)
[2025-10-23 10:51:13,444] INFO [Broker id=1] Creating new partition __consumer_offsets-13 with topic id Zzjc_XYbTjW1KHm-OBpG_w. (state.change.logger)
[2025-10-23 10:51:13,463] INFO [Broker id=1] Follower __consumer_offsets-13 starts at leader epoch 17 from offset 0 with partition epoch 17 and high watermark 0. Current leader is -1. Previous leader Some(-1) and previous leader epoch was 17. (state.change.logger)
[2025-10-23 10:51:13,463] INFO [Broker id=1] Creating new partition __consumer_offsets-46 with topic id Zzjc_XYbTjW1KHm-OBpG_w. (state.change.logger)
[2025-10-23 10:51:13,464] INFO [Broker id=1] Follower __consumer_offsets-46 starts at leader epoch 17 from offset 0 with partition epoch 17 and high watermark 0. Current leader is -1. Previous leader Some(-1) and previous leader epoch was 17. (state.change.logger)
[2025-10-23 10:51:13,464] INFO [Broker id=1] Creating new partition __consumer_offsets-9 with topic id Zzjc_XYbTjW1KHm-OBpG_w. (state.change.logger)
[2025-10-23 10:51:13,465] INFO [Broker id=1] Follower __consumer_offsets-9 starts at leader epoch 17 from offset 0 with partition epoch 17 and high watermark 0. Current leader is -1. Previous leader Some(-1) and previous leader epoch was 17. (state.change.logger)
[2025-10-23 10:51:13,465] INFO [Broker id=1] Creating new partition __consumer_offsets-42 with topic id Zzjc_XYbTjW1KHm-OBpG_w. (state.change.logger)
[2025-10-23 10:51:13,465] INFO [Broker id=1] Follower __consumer_offsets-42 starts at leader epoch 17 from offset 0 with partition epoch 17 and high watermark 0. Current leader is -1. Previous leader Some(-1) and previous leader epoch was 17. (state.change.logger)
[2025-10-23 10:51:13,466] INFO [Broker id=1] Creating new partition __consumer_offsets-21 with topic id Zzjc_XYbTjW1KHm-OBpG_w. (state.change.logger)
[2025-10-23 10:51:13,466] INFO [Broker id=1] Follower __consumer_offsets-21 starts at leader epoch 17 from offset 0 with partition epoch 17 and high watermark 0. Current leader is -1. Previous leader Some(-1) and previous leader epoch was 17. (state.change.logger)
[2025-10-23 10:51:13,466] INFO [Broker id=1] Creating new partition __consumer_offsets-17 with topic id Zzjc_XYbTjW1KHm-OBpG_w. (state.change.logger)
[2025-10-23 10:51:13,467] INFO [Broker id=1] Follower __consumer_offsets-17 starts at leader epoch 17 from offset 0 with partition epoch 17 and high watermark 0. Current leader is -1. Previous leader Some(-1) and previous leader epoch was 17. (state.change.logger)
[2025-10-23 10:51:13,467] INFO [Broker id=1] Creating new partition monitor-registro-0 with topic id bhJjB61aSEClTVdfghwM_A. (state.change.logger)
[2025-10-23 10:51:13,467] INFO [Broker id=1] Follower monitor-registro-0 starts at leader epoch 3 from offset 15 with partition epoch 3 and high watermark 15. Current leader is -1. Previous leader Some(-1) and previous leader epoch was 3. (state.change.logger)
[2025-10-23 10:51:13,467] INFO [Broker id=1] Creating new partition SD-0 with topic id RUa7sH52SN2H6kRbQ90zLg. (state.change.logger)
[2025-10-23 10:51:13,468] INFO [Broker id=1] Follower SD-0 starts at leader epoch 17 from offset 6 with partition epoch 17 and high watermark 6. Current leader is -1. Previous leader Some(-1) and previous leader epoch was 17. (state.change.logger)
[2025-10-23 10:51:13,468] INFO [Broker id=1] Creating new partition __consumer_offsets-30 with topic id Zzjc_XYbTjW1KHm-OBpG_w. (state.change.logger)
[2025-10-23 10:51:13,469] INFO [Broker id=1] Follower __consumer_offsets-30 starts at leader epoch 17 from offset 0 with partition epoch 17 and high watermark 0. Current leader is -1. Previous leader Some(-1) and previous leader epoch was 17. (state.change.logger)
[2025-10-23 10:51:13,469] INFO [Broker id=1] Creating new partition __consumer_offsets-26 with topic id Zzjc_XYbTjW1KHm-OBpG_w. (state.change.logger)
[2025-10-23 10:51:13,469] INFO [Broker id=1] Follower __consumer_offsets-26 starts at leader epoch 17 from offset 0 with partition epoch 17 and high watermark 0. Current leader is -1. Previous leader Some(-1) and previous leader epoch was 17. (state.change.logger)
[2025-10-23 10:51:13,469] INFO [Broker id=1] Creating new partition __consumer_offsets-5 with topic id Zzjc_XYbTjW1KHm-OBpG_w. (state.change.logger)
[2025-10-23 10:51:13,470] INFO [Broker id=1] Follower __consumer_offsets-5 starts at leader epoch 17 from offset 12454 with partition epoch 17 and high watermark 12454. Current leader is -1. Previous leader Some(-1) and previous leader epoch was 17. (state.change.logger)
[2025-10-23 10:51:13,470] INFO [Broker id=1] Creating new partition __consumer_offsets-38 with topic id Zzjc_XYbTjW1KHm-OBpG_w. (state.change.logger)
[2025-10-23 10:51:13,471] INFO [Broker id=1] Follower __consumer_offsets-38 starts at leader epoch 17 from offset 0 with partition epoch 17 and high watermark 0. Current leader is -1. Previous leader Some(-1) and previous leader epoch was 17. (state.change.logger)
[2025-10-23 10:51:13,471] INFO [Broker id=1] Creating new partition __consumer_offsets-1 with topic id Zzjc_XYbTjW1KHm-OBpG_w. (state.change.logger)
[2025-10-23 10:51:13,471] INFO [Broker id=1] Follower __consumer_offsets-1 starts at leader epoch 17 from offset 0 with partition epoch 17 and high watermark 0. Current leader is -1. Previous leader Some(-1) and previous leader epoch was 17. (state.change.logger)
[2025-10-23 10:51:13,471] INFO [Broker id=1] Creating new partition __consumer_offsets-34 with topic id Zzjc_XYbTjW1KHm-OBpG_w. (state.change.logger)
[2025-10-23 10:51:13,472] INFO [Broker id=1] Follower __consumer_offsets-34 starts at leader epoch 17 from offset 0 with partition epoch 17 and high watermark 0. Current leader is -1. Previous leader Some(-1) and previous leader epoch was 17. (state.change.logger)
[2025-10-23 10:51:13,472] INFO [Broker id=1] Creating new partition __consumer_offsets-16 with topic id Zzjc_XYbTjW1KHm-OBpG_w. (state.change.logger)
[2025-10-23 10:51:13,473] INFO [Broker id=1] Follower __consumer_offsets-16 starts at leader epoch 17 from offset 0 with partition epoch 17 and high watermark 0. Current leader is -1. Previous leader Some(-1) and previous leader epoch was 17. (state.change.logger)
[2025-10-23 10:51:13,473] INFO [Broker id=1] Creating new partition cp-registro-0 with topic id Gqh6IhM6RzeU3wWzravelQ. (state.change.logger)
[2025-10-23 10:51:13,473] INFO [Broker id=1] Follower cp-registro-0 starts at leader epoch 5 from offset 20 with partition epoch 5 and high watermark 20. Current leader is -1. Previous leader Some(-1) and previous leader epoch was 5. (state.change.logger)
[2025-10-23 10:51:13,473] INFO [Broker id=1] Creating new partition __consumer_offsets-45 with topic id Zzjc_XYbTjW1KHm-OBpG_w. (state.change.logger)
[2025-10-23 10:51:13,474] INFO [Broker id=1] Follower __consumer_offsets-45 starts at leader epoch 17 from offset 0 with partition epoch 17 and high watermark 0. Current leader is -1. Previous leader Some(-1) and previous leader epoch was 17. (state.change.logger)
[2025-10-23 10:51:13,474] INFO [Broker id=1] Creating new partition fallo-cp-0 with topic id sVZNGkzDRpe7xV-ODEg0DQ. (state.change.logger)
[2025-10-23 10:51:13,474] INFO [Broker id=1] Follower fallo-cp-0 starts at leader epoch 5 from offset 31 with partition epoch 5 and high watermark 31. Current leader is -1. Previous leader Some(-1) and previous leader epoch was 5. (state.change.logger)
[2025-10-23 10:51:13,474] INFO [Broker id=1] Creating new partition recuperacion-cp-0 with topic id POOpeyLfSXS1dqdXaOrNSQ. (state.change.logger)
[2025-10-23 10:51:13,475] INFO [Broker id=1] Follower recuperacion-cp-0 starts at leader epoch 5 from offset 8 with partition epoch 5 and high watermark 8. Current leader is -1. Previous leader Some(-1) and previous leader epoch was 5. (state.change.logger)
[2025-10-23 10:51:13,475] INFO [Broker id=1] Creating new partition __consumer_offsets-12 with topic id Zzjc_XYbTjW1KHm-OBpG_w. (state.change.logger)
[2025-10-23 10:51:13,476] INFO [Broker id=1] Follower __consumer_offsets-12 starts at leader epoch 17 from offset 0 with partition epoch 17 and high watermark 0. Current leader is -1. Previous leader Some(-1) and previous leader epoch was 17. (state.change.logger)
[2025-10-23 10:51:13,476] INFO [Broker id=1] Creating new partition ticket-0 with topic id uESZN092SAGeiV_tuchKdA. (state.change.logger)
[2025-10-23 10:51:13,476] INFO [Broker id=1] Follower ticket-0 starts at leader epoch 1 from offset 2 with partition epoch 1 and high watermark 2. Current leader is -1. Previous leader Some(-1) and previous leader epoch was 1. (state.change.logger)
[2025-10-23 10:51:13,476] INFO [Broker id=1] Creating new partition __consumer_offsets-41 with topic id Zzjc_XYbTjW1KHm-OBpG_w. (state.change.logger)
[2025-10-23 10:51:13,477] INFO [Broker id=1] Follower __consumer_offsets-41 starts at leader epoch 17 from offset 0 with partition epoch 17 and high watermark 0. Current leader is -1. Previous leader Some(-1) and previous leader epoch was 17. (state.change.logger)
[2025-10-23 10:51:13,477] INFO [Broker id=1] Creating new partition __consumer_offsets-24 with topic id Zzjc_XYbTjW1KHm-OBpG_w. (state.change.logger)
[2025-10-23 10:51:13,477] INFO [Broker id=1] Follower __consumer_offsets-24 starts at leader epoch 17 from offset 0 with partition epoch 17 and high watermark 0. Current leader is -1. Previous leader Some(-1) and previous leader epoch was 17. (state.change.logger)
[2025-10-23 10:51:13,477] INFO [Broker id=1] Creating new partition __consumer_offsets-20 with topic id Zzjc_XYbTjW1KHm-OBpG_w. (state.change.logger)
[2025-10-23 10:51:13,478] INFO [Broker id=1] Follower __consumer_offsets-20 starts at leader epoch 17 from offset 0 with partition epoch 17 and high watermark 0. Current leader is -1. Previous leader Some(-1) and previous leader epoch was 17. (state.change.logger)
[2025-10-23 10:51:13,478] INFO [Broker id=1] Creating new partition __consumer_offsets-49 with topic id Zzjc_XYbTjW1KHm-OBpG_w. (state.change.logger)
[2025-10-23 10:51:13,478] INFO [Broker id=1] Follower __consumer_offsets-49 starts at leader epoch 17 from offset 0 with partition epoch 17 and high watermark 0. Current leader is -1. Previous leader Some(-1) and previous leader epoch was 17. (state.change.logger)
[2025-10-23 10:51:13,478] INFO [Broker id=1] Creating new partition cp-autorizacion-0 with topic id JuzvJIZgRKixXeO_C5YM5w. (state.change.logger)
[2025-10-23 10:51:13,479] INFO [Broker id=1] Follower cp-autorizacion-0 starts at leader epoch 5 from offset 0 with partition epoch 5 and high watermark 0. Current leader is -1. Previous leader Some(-1) and previous leader epoch was 5. (state.change.logger)
[2025-10-23 10:51:13,479] INFO [Broker id=1] Creating new partition __consumer_offsets-0 with topic id Zzjc_XYbTjW1KHm-OBpG_w. (state.change.logger)
[2025-10-23 10:51:13,479] INFO [Broker id=1] Follower __consumer_offsets-0 starts at leader epoch 17 from offset 0 with partition epoch 17 and high watermark 0. Current leader is -1. Previous leader Some(-1) and previous leader epoch was 17. (state.change.logger)
[2025-10-23 10:51:13,479] INFO [Broker id=1] Creating new partition __consumer_offsets-29 with topic id Zzjc_XYbTjW1KHm-OBpG_w. (state.change.logger)
[2025-10-23 10:51:13,480] INFO [Broker id=1] Follower __consumer_offsets-29 starts at leader epoch 17 from offset 0 with partition epoch 17 and high watermark 0. Current leader is -1. Previous leader Some(-1) and previous leader epoch was 17. (state.change.logger)
[2025-10-23 10:51:13,480] INFO [Broker id=1] Creating new partition __consumer_offsets-25 with topic id Zzjc_XYbTjW1KHm-OBpG_w. (state.change.logger)
[2025-10-23 10:51:13,480] INFO [Broker id=1] Follower __consumer_offsets-25 starts at leader epoch 17 from offset 0 with partition epoch 17 and high watermark 0. Current leader is -1. Previous leader Some(-1) and previous leader epoch was 17. (state.change.logger)
[2025-10-23 10:51:13,480] INFO [Broker id=1] Creating new partition __consumer_offsets-8 with topic id Zzjc_XYbTjW1KHm-OBpG_w. (state.change.logger)
[2025-10-23 10:51:13,481] INFO [Broker id=1] Follower __consumer_offsets-8 starts at leader epoch 17 from offset 0 with partition epoch 17 and high watermark 0. Current leader is -1. Previous leader Some(-1) and previous leader epoch was 17. (state.change.logger)
[2025-10-23 10:51:13,481] INFO [Broker id=1] Creating new partition __consumer_offsets-37 with topic id Zzjc_XYbTjW1KHm-OBpG_w. (state.change.logger)
[2025-10-23 10:51:13,481] INFO [Broker id=1] Follower __consumer_offsets-37 starts at leader epoch 17 from offset 0 with partition epoch 17 and high watermark 0. Current leader is -1. Previous leader Some(-1) and previous leader epoch was 17. (state.change.logger)
[2025-10-23 10:51:13,481] INFO [Broker id=1] Creating new partition __consumer_offsets-4 with topic id Zzjc_XYbTjW1KHm-OBpG_w. (state.change.logger)
[2025-10-23 10:51:13,482] INFO [Broker id=1] Follower __consumer_offsets-4 starts at leader epoch 17 from offset 0 with partition epoch 17 and high watermark 0. Current leader is -1. Previous leader Some(-1) and previous leader epoch was 17. (state.change.logger)
[2025-10-23 10:51:13,482] INFO [Broker id=1] Creating new partition __consumer_offsets-33 with topic id Zzjc_XYbTjW1KHm-OBpG_w. (state.change.logger)
[2025-10-23 10:51:13,482] INFO [Broker id=1] Follower __consumer_offsets-33 starts at leader epoch 17 from offset 0 with partition epoch 17 and high watermark 0. Current leader is -1. Previous leader Some(-1) and previous leader epoch was 17. (state.change.logger)
[2025-10-23 10:51:13,482] INFO [Broker id=1] Creating new partition __consumer_offsets-15 with topic id Zzjc_XYbTjW1KHm-OBpG_w. (state.change.logger)
[2025-10-23 10:51:13,483] INFO [Broker id=1] Follower __consumer_offsets-15 starts at leader epoch 17 from offset 0 with partition epoch 17 and high watermark 0. Current leader is -1. Previous leader Some(-1) and previous leader epoch was 17. (state.change.logger)
[2025-10-23 10:51:13,483] INFO [Broker id=1] Creating new partition __consumer_offsets-48 with topic id Zzjc_XYbTjW1KHm-OBpG_w. (state.change.logger)
[2025-10-23 10:51:13,483] INFO [Broker id=1] Follower __consumer_offsets-48 starts at leader epoch 17 from offset 0 with partition epoch 17 and high watermark 0. Current leader is -1. Previous leader Some(-1) and previous leader epoch was 17. (state.change.logger)
[2025-10-23 10:51:13,483] INFO [Broker id=1] Creating new partition __consumer_offsets-11 with topic id Zzjc_XYbTjW1KHm-OBpG_w. (state.change.logger)
[2025-10-23 10:51:13,484] INFO [Broker id=1] Follower __consumer_offsets-11 starts at leader epoch 17 from offset 0 with partition epoch 17 and high watermark 0. Current leader is -1. Previous leader Some(-1) and previous leader epoch was 17. (state.change.logger)
[2025-10-23 10:51:13,484] INFO [Broker id=1] Creating new partition __consumer_offsets-44 with topic id Zzjc_XYbTjW1KHm-OBpG_w. (state.change.logger)
[2025-10-23 10:51:13,484] INFO [Broker id=1] Follower __consumer_offsets-44 starts at leader epoch 17 from offset 0 with partition epoch 17 and high watermark 0. Current leader is -1. Previous leader Some(-1) and previous leader epoch was 17. (state.change.logger)
[2025-10-23 10:51:13,484] INFO [Broker id=1] Creating new partition __consumer_offsets-23 with topic id Zzjc_XYbTjW1KHm-OBpG_w. (state.change.logger)
[2025-10-23 10:51:13,485] INFO [Broker id=1] Follower __consumer_offsets-23 starts at leader epoch 17 from offset 0 with partition epoch 17 and high watermark 0. Current leader is -1. Previous leader Some(-1) and previous leader epoch was 17. (state.change.logger)
[2025-10-23 10:51:13,485] INFO [Broker id=1] Creating new partition __consumer_offsets-19 with topic id Zzjc_XYbTjW1KHm-OBpG_w. (state.change.logger)
[2025-10-23 10:51:13,486] INFO [Broker id=1] Follower __consumer_offsets-19 starts at leader epoch 17 from offset 0 with partition epoch 17 and high watermark 0. Current leader is -1. Previous leader Some(-1) and previous leader epoch was 17. (state.change.logger)
[2025-10-23 10:51:13,486] INFO [Broker id=1] Creating new partition sistema-eventos-0 with topic id hXdsLEfgQ2OxY_K9NA04Og. (state.change.logger)
[2025-10-23 10:51:13,486] INFO [Broker id=1] Follower sistema-eventos-0 starts at leader epoch 5 from offset 36 with partition epoch 5 and high watermark 36. Current leader is -1. Previous leader Some(-1) and previous leader epoch was 5. (state.change.logger)
[2025-10-23 10:51:13,486] INFO [Broker id=1] Creating new partition cp-estado-0 with topic id T3T4aGsxT8S44Ffn-Rh5Ng. (state.change.logger)
[2025-10-23 10:51:13,487] INFO [Broker id=1] Follower cp-estado-0 starts at leader epoch 5 from offset 8 with partition epoch 5 and high watermark 8. Current leader is -1. Previous leader Some(-1) and previous leader epoch was 5. (state.change.logger)
[2025-10-23 10:51:13,487] INFO [Broker id=1] Creating new partition __consumer_offsets-32 with topic id Zzjc_XYbTjW1KHm-OBpG_w. (state.change.logger)
[2025-10-23 10:51:13,487] INFO [Broker id=1] Follower __consumer_offsets-32 starts at leader epoch 17 from offset 0 with partition epoch 17 and high watermark 0. Current leader is -1. Previous leader Some(-1) and previous leader epoch was 17. (state.change.logger)
[2025-10-23 10:51:13,487] INFO [Broker id=1] Creating new partition __consumer_offsets-28 with topic id Zzjc_XYbTjW1KHm-OBpG_w. (state.change.logger)
[2025-10-23 10:51:13,488] INFO [Broker id=1] Follower __consumer_offsets-28 starts at leader epoch 17 from offset 0 with partition epoch 17 and high watermark 0. Current leader is -1. Previous leader Some(-1) and previous leader epoch was 17. (state.change.logger)
[2025-10-23 10:51:13,488] INFO [Broker id=1] Creating new partition __consumer_offsets-7 with topic id Zzjc_XYbTjW1KHm-OBpG_w. (state.change.logger)
[2025-10-23 10:51:13,488] INFO [Broker id=1] Follower __consumer_offsets-7 starts at leader epoch 17 from offset 0 with partition epoch 17 and high watermark 0. Current leader is -1. Previous leader Some(-1) and previous leader epoch was 17. (state.change.logger)
[2025-10-23 10:51:13,488] INFO [Broker id=1] Creating new partition __consumer_offsets-40 with topic id Zzjc_XYbTjW1KHm-OBpG_w. (state.change.logger)
[2025-10-23 10:51:13,489] INFO [Broker id=1] Follower __consumer_offsets-40 starts at leader epoch 17 from offset 0 with partition epoch 17 and high watermark 0. Current leader is -1. Previous leader Some(-1) and previous leader epoch was 17. (state.change.logger)
[2025-10-23 10:51:13,489] INFO [Broker id=1] Creating new partition __consumer_offsets-3 with topic id Zzjc_XYbTjW1KHm-OBpG_w. (state.change.logger)
[2025-10-23 10:51:13,489] INFO [Broker id=1] Follower __consumer_offsets-3 starts at leader epoch 17 from offset 0 with partition epoch 17 and high watermark 0. Current leader is -1. Previous leader Some(-1) and previous leader epoch was 17. (state.change.logger)
[2025-10-23 10:51:13,489] INFO [Broker id=1] Creating new partition __consumer_offsets-36 with topic id Zzjc_XYbTjW1KHm-OBpG_w. (state.change.logger)
[2025-10-23 10:51:13,490] INFO [Broker id=1] Follower __consumer_offsets-36 starts at leader epoch 17 from offset 0 with partition epoch 17 and high watermark 0. Current leader is -1. Previous leader Some(-1) and previous leader epoch was 17. (state.change.logger)
[2025-10-23 10:51:13,490] INFO [Broker id=1] Creating new partition __consumer_offsets-47 with topic id Zzjc_XYbTjW1KHm-OBpG_w. (state.change.logger)
[2025-10-23 10:51:13,490] INFO [Broker id=1] Follower __consumer_offsets-47 starts at leader epoch 17 from offset 0 with partition epoch 17 and high watermark 0. Current leader is -1. Previous leader Some(-1) and previous leader epoch was 17. (state.change.logger)
[2025-10-23 10:51:13,490] INFO [Broker id=1] Creating new partition __consumer_offsets-14 with topic id Zzjc_XYbTjW1KHm-OBpG_w. (state.change.logger)
[2025-10-23 10:51:13,491] INFO [Broker id=1] Follower __consumer_offsets-14 starts at leader epoch 17 from offset 0 with partition epoch 17 and high watermark 0. Current leader is -1. Previous leader Some(-1) and previous leader epoch was 17. (state.change.logger)
[2025-10-23 10:51:13,491] INFO [Broker id=1] Creating new partition __consumer_offsets-43 with topic id Zzjc_XYbTjW1KHm-OBpG_w. (state.change.logger)
[2025-10-23 10:51:13,492] INFO [Broker id=1] Follower __consumer_offsets-43 starts at leader epoch 17 from offset 0 with partition epoch 17 and high watermark 0. Current leader is -1. Previous leader Some(-1) and previous leader epoch was 17. (state.change.logger)
[2025-10-23 10:51:13,492] INFO [Broker id=1] Creating new partition __consumer_offsets-10 with topic id Zzjc_XYbTjW1KHm-OBpG_w. (state.change.logger)
[2025-10-23 10:51:13,492] INFO [Broker id=1] Follower __consumer_offsets-10 starts at leader epoch 17 from offset 0 with partition epoch 17 and high watermark 0. Current leader is -1. Previous leader Some(-1) and previous leader epoch was 17. (state.change.logger)
[2025-10-23 10:51:13,492] INFO [Broker id=1] Creating new partition actualizacion-recarga-0 with topic id xKQzuM0hQMyyJQOhEH9zXg. (state.change.logger)
[2025-10-23 10:51:13,493] INFO [Broker id=1] Follower actualizacion-recarga-0 starts at leader epoch 5 from offset 223 with partition epoch 5 and high watermark 223. Current leader is -1. Previous leader Some(-1) and previous leader epoch was 5. (state.change.logger)
[2025-10-23 10:51:13,493] INFO [Broker id=1] Creating new partition __consumer_offsets-22 with topic id Zzjc_XYbTjW1KHm-OBpG_w. (state.change.logger)
[2025-10-23 10:51:13,493] INFO [Broker id=1] Follower __consumer_offsets-22 starts at leader epoch 17 from offset 0 with partition epoch 17 and high watermark 0. Current leader is -1. Previous leader Some(-1) and previous leader epoch was 17. (state.change.logger)
[2025-10-23 10:51:13,493] INFO [Broker id=1] Creating new partition central-to-monitor-0 with topic id SXhCREJcTuGfACnasrBX1g. (state.change.logger)
[2025-10-23 10:51:13,494] INFO [Broker id=1] Follower central-to-monitor-0 starts at leader epoch 3 from offset 15 with partition epoch 3 and high watermark 15. Current leader is -1. Previous leader Some(-1) and previous leader epoch was 3. (state.change.logger)
[2025-10-23 10:51:13,494] INFO [Broker id=1] Creating new partition __consumer_offsets-18 with topic id Zzjc_XYbTjW1KHm-OBpG_w. (state.change.logger)
[2025-10-23 10:51:13,494] INFO [Broker id=1] Follower __consumer_offsets-18 starts at leader epoch 17 from offset 4 with partition epoch 17 and high watermark 4. Current leader is -1. Previous leader Some(-1) and previous leader epoch was 17. (state.change.logger)
[2025-10-23 10:51:13,494] INFO [Broker id=1] Creating new partition __consumer_offsets-31 with topic id Zzjc_XYbTjW1KHm-OBpG_w. (state.change.logger)
[2025-10-23 10:51:13,495] INFO [Broker id=1] Follower __consumer_offsets-31 starts at leader epoch 17 from offset 0 with partition epoch 17 and high watermark 0. Current leader is -1. Previous leader Some(-1) and previous leader epoch was 17. (state.change.logger)
[2025-10-23 10:51:13,495] INFO [Broker id=1] Creating new partition central-to-cp-0 with topic id Q3yJTnOAQZGuQWYY8oE2fw. (state.change.logger)
[2025-10-23 10:51:13,495] INFO [Broker id=1] Follower central-to-cp-0 starts at leader epoch 5 from offset 287 with partition epoch 5 and high watermark 287. Current leader is -1. Previous leader Some(-1) and previous leader epoch was 5. (state.change.logger)
[2025-10-23 10:51:13,495] INFO [Broker id=1] Creating new partition __consumer_offsets-27 with topic id Zzjc_XYbTjW1KHm-OBpG_w. (state.change.logger)
[2025-10-23 10:51:13,496] INFO [Broker id=1] Follower __consumer_offsets-27 starts at leader epoch 17 from offset 0 with partition epoch 17 and high watermark 0. Current leader is -1. Previous leader Some(-1) and previous leader epoch was 17. (state.change.logger)
[2025-10-23 10:51:13,496] INFO [Broker id=1] Creating new partition __consumer_offsets-39 with topic id Zzjc_XYbTjW1KHm-OBpG_w. (state.change.logger)
[2025-10-23 10:51:13,496] INFO [Broker id=1] Follower __consumer_offsets-39 starts at leader epoch 17 from offset 0 with partition epoch 17 and high watermark 0. Current leader is -1. Previous leader Some(-1) and previous leader epoch was 17. (state.change.logger)
[2025-10-23 10:51:13,496] INFO [Broker id=1] Creating new partition __consumer_offsets-6 with topic id Zzjc_XYbTjW1KHm-OBpG_w. (state.change.logger)
[2025-10-23 10:51:13,497] INFO [Broker id=1] Follower __consumer_offsets-6 starts at leader epoch 17 from offset 0 with partition epoch 17 and high watermark 0. Current leader is -1. Previous leader Some(-1) and previous leader epoch was 17. (state.change.logger)
[2025-10-23 10:51:13,497] INFO [Broker id=1] Creating new partition __consumer_offsets-35 with topic id Zzjc_XYbTjW1KHm-OBpG_w. (state.change.logger)
[2025-10-23 10:51:13,497] INFO [Broker id=1] Follower __consumer_offsets-35 starts at leader epoch 17 from offset 0 with partition epoch 17 and high watermark 0. Current leader is -1. Previous leader Some(-1) and previous leader epoch was 17. (state.change.logger)
[2025-10-23 10:51:13,497] INFO [Broker id=1] Creating new partition __consumer_offsets-2 with topic id Zzjc_XYbTjW1KHm-OBpG_w. (state.change.logger)
[2025-10-23 10:51:13,498] INFO [Broker id=1] Follower __consumer_offsets-2 starts at leader epoch 17 from offset 0 with partition epoch 17 and high watermark 0. Current leader is -1. Previous leader Some(-1) and previous leader epoch was 17. (state.change.logger)
[2025-10-23 10:51:13,499] INFO [Broker id=1] Stopped fetchers as part of become-follower for 62 partitions (state.change.logger)
[2025-10-23 10:51:13,502] INFO [Broker id=1] Started fetchers as part of become-follower for 62 partitions (state.change.logger)
[2025-10-23 10:51:13,597] INFO [Broker id=1] Transitioning 62 partition(s) to local leaders. (state.change.logger)
[2025-10-23 10:51:13,608] INFO [Broker id=1] Leader __consumer_offsets-13 with topic id Some(Zzjc_XYbTjW1KHm-OBpG_w) starts at leader epoch 18 from offset 0 with partition epoch 18, high watermark 0, ISR [1], adding replicas [] and removing replicas [] . Previous leader Some(-1) and previous leader epoch was 17. (state.change.logger)
[2025-10-23 10:51:13,613] INFO [Broker id=1] Leader __consumer_offsets-46 with topic id Some(Zzjc_XYbTjW1KHm-OBpG_w) starts at leader epoch 18 from offset 0 with partition epoch 18, high watermark 0, ISR [1], adding replicas [] and removing replicas [] . Previous leader Some(-1) and previous leader epoch was 17. (state.change.logger)
[2025-10-23 10:51:13,617] INFO [Broker id=1] Leader __consumer_offsets-9 with topic id Some(Zzjc_XYbTjW1KHm-OBpG_w) starts at leader epoch 18 from offset 0 with partition epoch 18, high watermark 0, ISR [1], adding replicas [] and removing replicas [] . Previous leader Some(-1) and previous leader epoch was 17. (state.change.logger)
[2025-10-23 10:51:13,621] INFO [Broker id=1] Leader __consumer_offsets-42 with topic id Some(Zzjc_XYbTjW1KHm-OBpG_w) starts at leader epoch 18 from offset 0 with partition epoch 18, high watermark 0, ISR [1], adding replicas [] and removing replicas [] . Previous leader Some(-1) and previous leader epoch was 17. (state.change.logger)
[2025-10-23 10:51:13,624] INFO [Broker id=1] Leader __consumer_offsets-21 with topic id Some(Zzjc_XYbTjW1KHm-OBpG_w) starts at leader epoch 18 from offset 0 with partition epoch 18, high watermark 0, ISR [1], adding replicas [] and removing replicas [] . Previous leader Some(-1) and previous leader epoch was 17. (state.change.logger)
[2025-10-23 10:51:13,628] INFO [Broker id=1] Leader __consumer_offsets-17 with topic id Some(Zzjc_XYbTjW1KHm-OBpG_w) starts at leader epoch 18 from offset 0 with partition epoch 18, high watermark 0, ISR [1], adding replicas [] and removing replicas [] . Previous leader Some(-1) and previous leader epoch was 17. (state.change.logger)
[2025-10-23 10:51:13,631] INFO [Broker id=1] Leader monitor-registro-0 with topic id Some(bhJjB61aSEClTVdfghwM_A) starts at leader epoch 4 from offset 15 with partition epoch 4, high watermark 15, ISR [1], adding replicas [] and removing replicas [] . Previous leader Some(-1) and previous leader epoch was 3. (state.change.logger)
[2025-10-23 10:51:13,635] INFO [Broker id=1] Leader SD-0 with topic id Some(RUa7sH52SN2H6kRbQ90zLg) starts at leader epoch 18 from offset 6 with partition epoch 18, high watermark 6, ISR [1], adding replicas [] and removing replicas [] . Previous leader Some(-1) and previous leader epoch was 17. (state.change.logger)
[2025-10-23 10:51:13,638] INFO [Broker id=1] Leader __consumer_offsets-30 with topic id Some(Zzjc_XYbTjW1KHm-OBpG_w) starts at leader epoch 18 from offset 0 with partition epoch 18, high watermark 0, ISR [1], adding replicas [] and removing replicas [] . Previous leader Some(-1) and previous leader epoch was 17. (state.change.logger)
[2025-10-23 10:51:13,642] INFO [Broker id=1] Leader __consumer_offsets-26 with topic id Some(Zzjc_XYbTjW1KHm-OBpG_w) starts at leader epoch 18 from offset 0 with partition epoch 18, high watermark 0, ISR [1], adding replicas [] and removing replicas [] . Previous leader Some(-1) and previous leader epoch was 17. (state.change.logger)
[2025-10-23 10:51:13,646] INFO [Broker id=1] Leader __consumer_offsets-5 with topic id Some(Zzjc_XYbTjW1KHm-OBpG_w) starts at leader epoch 18 from offset 12454 with partition epoch 18, high watermark 12454, ISR [1], adding replicas [] and removing replicas [] . Previous leader Some(-1) and previous leader epoch was 17. (state.change.logger)
[2025-10-23 10:51:13,650] INFO [Broker id=1] Leader __consumer_offsets-38 with topic id Some(Zzjc_XYbTjW1KHm-OBpG_w) starts at leader epoch 18 from offset 0 with partition epoch 18, high watermark 0, ISR [1], adding replicas [] and removing replicas [] . Previous leader Some(-1) and previous leader epoch was 17. (state.change.logger)
[2025-10-23 10:51:13,653] INFO [Broker id=1] Leader __consumer_offsets-1 with topic id Some(Zzjc_XYbTjW1KHm-OBpG_w) starts at leader epoch 18 from offset 0 with partition epoch 18, high watermark 0, ISR [1], adding replicas [] and removing replicas [] . Previous leader Some(-1) and previous leader epoch was 17. (state.change.logger)
[2025-10-23 10:51:13,657] INFO [Broker id=1] Leader __consumer_offsets-34 with topic id Some(Zzjc_XYbTjW1KHm-OBpG_w) starts at leader epoch 18 from offset 0 with partition epoch 18, high watermark 0, ISR [1], adding replicas [] and removing replicas [] . Previous leader Some(-1) and previous leader epoch was 17. (state.change.logger)
[2025-10-23 10:51:13,662] INFO [Broker id=1] Leader __consumer_offsets-16 with topic id Some(Zzjc_XYbTjW1KHm-OBpG_w) starts at leader epoch 18 from offset 0 with partition epoch 18, high watermark 0, ISR [1], adding replicas [] and removing replicas [] . Previous leader Some(-1) and previous leader epoch was 17. (state.change.logger)
[2025-10-23 10:51:13,667] INFO [Broker id=1] Leader cp-registro-0 with topic id Some(Gqh6IhM6RzeU3wWzravelQ) starts at leader epoch 6 from offset 20 with partition epoch 6, high watermark 20, ISR [1], adding replicas [] and removing replicas [] . Previous leader Some(-1) and previous leader epoch was 5. (state.change.logger)
[2025-10-23 10:51:13,671] INFO [Broker id=1] Leader __consumer_offsets-45 with topic id Some(Zzjc_XYbTjW1KHm-OBpG_w) starts at leader epoch 18 from offset 0 with partition epoch 18, high watermark 0, ISR [1], adding replicas [] and removing replicas [] . Previous leader Some(-1) and previous leader epoch was 17. (state.change.logger)
[2025-10-23 10:51:13,676] INFO [Broker id=1] Leader fallo-cp-0 with topic id Some(sVZNGkzDRpe7xV-ODEg0DQ) starts at leader epoch 6 from offset 31 with partition epoch 6, high watermark 31, ISR [1], adding replicas [] and removing replicas [] . Previous leader Some(-1) and previous leader epoch was 5. (state.change.logger)
[2025-10-23 10:51:13,681] INFO [Broker id=1] Leader recuperacion-cp-0 with topic id Some(POOpeyLfSXS1dqdXaOrNSQ) starts at leader epoch 6 from offset 8 with partition epoch 6, high watermark 8, ISR [1], adding replicas [] and removing replicas [] . Previous leader Some(-1) and previous leader epoch was 5. (state.change.logger)
[2025-10-23 10:51:13,686] INFO [Broker id=1] Leader __consumer_offsets-12 with topic id Some(Zzjc_XYbTjW1KHm-OBpG_w) starts at leader epoch 18 from offset 0 with partition epoch 18, high watermark 0, ISR [1], adding replicas [] and removing replicas [] . Previous leader Some(-1) and previous leader epoch was 17. (state.change.logger)
[2025-10-23 10:51:13,692] INFO [Broker id=1] Leader ticket-0 with topic id Some(uESZN092SAGeiV_tuchKdA) starts at leader epoch 2 from offset 2 with partition epoch 2, high watermark 2, ISR [1], adding replicas [] and removing replicas [] . Previous leader Some(-1) and previous leader epoch was 1. (state.change.logger)
[2025-10-23 10:51:13,697] INFO [Broker id=1] Leader __consumer_offsets-41 with topic id Some(Zzjc_XYbTjW1KHm-OBpG_w) starts at leader epoch 18 from offset 0 with partition epoch 18, high watermark 0, ISR [1], adding replicas [] and removing replicas [] . Previous leader Some(-1) and previous leader epoch was 17. (state.change.logger)
[2025-10-23 10:51:13,702] INFO [Broker id=1] Leader __consumer_offsets-24 with topic id Some(Zzjc_XYbTjW1KHm-OBpG_w) starts at leader epoch 18 from offset 0 with partition epoch 18, high watermark 0, ISR [1], adding replicas [] and removing replicas [] . Previous leader Some(-1) and previous leader epoch was 17. (state.change.logger)
[2025-10-23 10:51:13,706] INFO [Broker id=1] Leader __consumer_offsets-20 with topic id Some(Zzjc_XYbTjW1KHm-OBpG_w) starts at leader epoch 18 from offset 0 with partition epoch 18, high watermark 0, ISR [1], adding replicas [] and removing replicas [] . Previous leader Some(-1) and previous leader epoch was 17. (state.change.logger)
[2025-10-23 10:51:13,711] INFO [Broker id=1] Leader __consumer_offsets-49 with topic id Some(Zzjc_XYbTjW1KHm-OBpG_w) starts at leader epoch 18 from offset 0 with partition epoch 18, high watermark 0, ISR [1], adding replicas [] and removing replicas [] . Previous leader Some(-1) and previous leader epoch was 17. (state.change.logger)
[2025-10-23 10:51:13,716] INFO [Broker id=1] Leader cp-autorizacion-0 with topic id Some(JuzvJIZgRKixXeO_C5YM5w) starts at leader epoch 6 from offset 0 with partition epoch 6, high watermark 0, ISR [1], adding replicas [] and removing replicas [] . Previous leader Some(-1) and previous leader epoch was 5. (state.change.logger)
[2025-10-23 10:51:13,721] INFO [Broker id=1] Leader __consumer_offsets-0 with topic id Some(Zzjc_XYbTjW1KHm-OBpG_w) starts at leader epoch 18 from offset 0 with partition epoch 18, high watermark 0, ISR [1], adding replicas [] and removing replicas [] . Previous leader Some(-1) and previous leader epoch was 17. (state.change.logger)
[2025-10-23 10:51:13,727] INFO [Broker id=1] Leader __consumer_offsets-29 with topic id Some(Zzjc_XYbTjW1KHm-OBpG_w) starts at leader epoch 18 from offset 0 with partition epoch 18, high watermark 0, ISR [1], adding replicas [] and removing replicas [] . Previous leader Some(-1) and previous leader epoch was 17. (state.change.logger)
[2025-10-23 10:51:13,733] INFO [Broker id=1] Leader __consumer_offsets-25 with topic id Some(Zzjc_XYbTjW1KHm-OBpG_w) starts at leader epoch 18 from offset 0 with partition epoch 18, high watermark 0, ISR [1], adding replicas [] and removing replicas [] . Previous leader Some(-1) and previous leader epoch was 17. (state.change.logger)
[2025-10-23 10:51:13,739] INFO [Broker id=1] Leader __consumer_offsets-8 with topic id Some(Zzjc_XYbTjW1KHm-OBpG_w) starts at leader epoch 18 from offset 0 with partition epoch 18, high watermark 0, ISR [1], adding replicas [] and removing replicas [] . Previous leader Some(-1) and previous leader epoch was 17. (state.change.logger)
[2025-10-23 10:51:13,745] INFO [Broker id=1] Leader __consumer_offsets-37 with topic id Some(Zzjc_XYbTjW1KHm-OBpG_w) starts at leader epoch 18 from offset 0 with partition epoch 18, high watermark 0, ISR [1], adding replicas [] and removing replicas [] . Previous leader Some(-1) and previous leader epoch was 17. (state.change.logger)
[2025-10-23 10:51:13,751] INFO [Broker id=1] Leader __consumer_offsets-4 with topic id Some(Zzjc_XYbTjW1KHm-OBpG_w) starts at leader epoch 18 from offset 0 with partition epoch 18, high watermark 0, ISR [1], adding replicas [] and removing replicas [] . Previous leader Some(-1) and previous leader epoch was 17. (state.change.logger)
[2025-10-23 10:51:13,756] INFO [Broker id=1] Leader __consumer_offsets-33 with topic id Some(Zzjc_XYbTjW1KHm-OBpG_w) starts at leader epoch 18 from offset 0 with partition epoch 18, high watermark 0, ISR [1], adding replicas [] and removing replicas [] . Previous leader Some(-1) and previous leader epoch was 17. (state.change.logger)
[2025-10-23 10:51:13,761] INFO [Broker id=1] Leader __consumer_offsets-15 with topic id Some(Zzjc_XYbTjW1KHm-OBpG_w) starts at leader epoch 18 from offset 0 with partition epoch 18, high watermark 0, ISR [1], adding replicas [] and removing replicas [] . Previous leader Some(-1) and previous leader epoch was 17. (state.change.logger)
[2025-10-23 10:51:13,767] INFO [Broker id=1] Leader __consumer_offsets-48 with topic id Some(Zzjc_XYbTjW1KHm-OBpG_w) starts at leader epoch 18 from offset 0 with partition epoch 18, high watermark 0, ISR [1], adding replicas [] and removing replicas [] . Previous leader Some(-1) and previous leader epoch was 17. (state.change.logger)
[2025-10-23 10:51:13,773] INFO [Broker id=1] Leader __consumer_offsets-11 with topic id Some(Zzjc_XYbTjW1KHm-OBpG_w) starts at leader epoch 18 from offset 0 with partition epoch 18, high watermark 0, ISR [1], adding replicas [] and removing replicas [] . Previous leader Some(-1) and previous leader epoch was 17. (state.change.logger)
[2025-10-23 10:51:13,779] INFO [Broker id=1] Leader __consumer_offsets-44 with topic id Some(Zzjc_XYbTjW1KHm-OBpG_w) starts at leader epoch 18 from offset 0 with partition epoch 18, high watermark 0, ISR [1], adding replicas [] and removing replicas [] . Previous leader Some(-1) and previous leader epoch was 17. (state.change.logger)
[2025-10-23 10:51:13,785] INFO [Broker id=1] Leader __consumer_offsets-23 with topic id Some(Zzjc_XYbTjW1KHm-OBpG_w) starts at leader epoch 18 from offset 0 with partition epoch 18, high watermark 0, ISR [1], adding replicas [] and removing replicas [] . Previous leader Some(-1) and previous leader epoch was 17. (state.change.logger)
[2025-10-23 10:51:13,791] INFO [Broker id=1] Leader __consumer_offsets-19 with topic id Some(Zzjc_XYbTjW1KHm-OBpG_w) starts at leader epoch 18 from offset 0 with partition epoch 18, high watermark 0, ISR [1], adding replicas [] and removing replicas [] . Previous leader Some(-1) and previous leader epoch was 17. (state.change.logger)
[2025-10-23 10:51:13,796] INFO [Broker id=1] Leader sistema-eventos-0 with topic id Some(hXdsLEfgQ2OxY_K9NA04Og) starts at leader epoch 6 from offset 36 with partition epoch 6, high watermark 36, ISR [1], adding replicas [] and removing replicas [] . Previous leader Some(-1) and previous leader epoch was 5. (state.change.logger)
[2025-10-23 10:51:13,801] INFO [Broker id=1] Leader cp-estado-0 with topic id Some(T3T4aGsxT8S44Ffn-Rh5Ng) starts at leader epoch 6 from offset 8 with partition epoch 6, high watermark 8, ISR [1], adding replicas [] and removing replicas [] . Previous leader Some(-1) and previous leader epoch was 5. (state.change.logger)
[2025-10-23 10:51:13,806] INFO [Broker id=1] Leader __consumer_offsets-32 with topic id Some(Zzjc_XYbTjW1KHm-OBpG_w) starts at leader epoch 18 from offset 0 with partition epoch 18, high watermark 0, ISR [1], adding replicas [] and removing replicas [] . Previous leader Some(-1) and previous leader epoch was 17. (state.change.logger)
[2025-10-23 10:51:13,812] INFO [Broker id=1] Leader __consumer_offsets-28 with topic id Some(Zzjc_XYbTjW1KHm-OBpG_w) starts at leader epoch 18 from offset 0 with partition epoch 18, high watermark 0, ISR [1], adding replicas [] and removing replicas [] . Previous leader Some(-1) and previous leader epoch was 17. (state.change.logger)
[2025-10-23 10:51:13,817] INFO [Broker id=1] Leader __consumer_offsets-7 with topic id Some(Zzjc_XYbTjW1KHm-OBpG_w) starts at leader epoch 18 from offset 0 with partition epoch 18, high watermark 0, ISR [1], adding replicas [] and removing replicas [] . Previous leader Some(-1) and previous leader epoch was 17. (state.change.logger)
[2025-10-23 10:51:13,822] INFO [Broker id=1] Leader __consumer_offsets-40 with topic id Some(Zzjc_XYbTjW1KHm-OBpG_w) starts at leader epoch 18 from offset 0 with partition epoch 18, high watermark 0, ISR [1], adding replicas [] and removing replicas [] . Previous leader Some(-1) and previous leader epoch was 17. (state.change.logger)
[2025-10-23 10:51:13,826] INFO [Broker id=1] Leader __consumer_offsets-3 with topic id Some(Zzjc_XYbTjW1KHm-OBpG_w) starts at leader epoch 18 from offset 0 with partition epoch 18, high watermark 0, ISR [1], adding replicas [] and removing replicas [] . Previous leader Some(-1) and previous leader epoch was 17. (state.change.logger)
[2025-10-23 10:51:13,830] INFO [Broker id=1] Leader __consumer_offsets-36 with topic id Some(Zzjc_XYbTjW1KHm-OBpG_w) starts at leader epoch 18 from offset 0 with partition epoch 18, high watermark 0, ISR [1], adding replicas [] and removing replicas [] . Previous leader Some(-1) and previous leader epoch was 17. (state.change.logger)
[2025-10-23 10:51:13,835] INFO [Broker id=1] Leader __consumer_offsets-47 with topic id Some(Zzjc_XYbTjW1KHm-OBpG_w) starts at leader epoch 18 from offset 0 with partition epoch 18, high watermark 0, ISR [1], adding replicas [] and removing replicas [] . Previous leader Some(-1) and previous leader epoch was 17. (state.change.logger)
[2025-10-23 10:51:13,840] INFO [Broker id=1] Leader __consumer_offsets-14 with topic id Some(Zzjc_XYbTjW1KHm-OBpG_w) starts at leader epoch 18 from offset 0 with partition epoch 18, high watermark 0, ISR [1], adding replicas [] and removing replicas [] . Previous leader Some(-1) and previous leader epoch was 17. (state.change.logger)
[2025-10-23 10:51:13,844] INFO [Broker id=1] Leader __consumer_offsets-43 with topic id Some(Zzjc_XYbTjW1KHm-OBpG_w) starts at leader epoch 18 from offset 0 with partition epoch 18, high watermark 0, ISR [1], adding replicas [] and removing replicas [] . Previous leader Some(-1) and previous leader epoch was 17. (state.change.logger)
[2025-10-23 10:51:13,849] INFO [Broker id=1] Leader __consumer_offsets-10 with topic id Some(Zzjc_XYbTjW1KHm-OBpG_w) starts at leader epoch 18 from offset 0 with partition epoch 18, high watermark 0, ISR [1], adding replicas [] and removing replicas [] . Previous leader Some(-1) and previous leader epoch was 17. (state.change.logger)
[2025-10-23 10:51:13,854] INFO [Broker id=1] Leader actualizacion-recarga-0 with topic id Some(xKQzuM0hQMyyJQOhEH9zXg) starts at leader epoch 6 from offset 223 with partition epoch 6, high watermark 223, ISR [1], adding replicas [] and removing replicas [] . Previous leader Some(-1) and previous leader epoch was 5. (state.change.logger)
[2025-10-23 10:51:13,859] INFO [Broker id=1] Leader __consumer_offsets-22 with topic id Some(Zzjc_XYbTjW1KHm-OBpG_w) starts at leader epoch 18 from offset 0 with partition epoch 18, high watermark 0, ISR [1], adding replicas [] and removing replicas [] . Previous leader Some(-1) and previous leader epoch was 17. (state.change.logger)
[2025-10-23 10:51:13,863] INFO [Broker id=1] Leader central-to-monitor-0 with topic id Some(SXhCREJcTuGfACnasrBX1g) starts at leader epoch 4 from offset 15 with partition epoch 4, high watermark 15, ISR [1], adding replicas [] and removing replicas [] . Previous leader Some(-1) and previous leader epoch was 3. (state.change.logger)
[2025-10-23 10:51:13,868] INFO [Broker id=1] Leader __consumer_offsets-18 with topic id Some(Zzjc_XYbTjW1KHm-OBpG_w) starts at leader epoch 18 from offset 4 with partition epoch 18, high watermark 4, ISR [1], adding replicas [] and removing replicas [] . Previous leader Some(-1) and previous leader epoch was 17. (state.change.logger)
[2025-10-23 10:51:13,873] INFO [Broker id=1] Leader __consumer_offsets-31 with topic id Some(Zzjc_XYbTjW1KHm-OBpG_w) starts at leader epoch 18 from offset 0 with partition epoch 18, high watermark 0, ISR [1], adding replicas [] and removing replicas [] . Previous leader Some(-1) and previous leader epoch was 17. (state.change.logger)
[2025-10-23 10:51:13,877] INFO [Broker id=1] Leader central-to-cp-0 with topic id Some(Q3yJTnOAQZGuQWYY8oE2fw) starts at leader epoch 6 from offset 287 with partition epoch 6, high watermark 287, ISR [1], adding replicas [] and removing replicas [] . Previous leader Some(-1) and previous leader epoch was 5. (state.change.logger)
[2025-10-23 10:51:13,882] INFO [Broker id=1] Leader __consumer_offsets-27 with topic id Some(Zzjc_XYbTjW1KHm-OBpG_w) starts at leader epoch 18 from offset 0 with partition epoch 18, high watermark 0, ISR [1], adding replicas [] and removing replicas [] . Previous leader Some(-1) and previous leader epoch was 17. (state.change.logger)
[2025-10-23 10:51:13,887] INFO [Broker id=1] Leader __consumer_offsets-39 with topic id Some(Zzjc_XYbTjW1KHm-OBpG_w) starts at leader epoch 18 from offset 0 with partition epoch 18, high watermark 0, ISR [1], adding replicas [] and removing replicas [] . Previous leader Some(-1) and previous leader epoch was 17. (state.change.logger)
[2025-10-23 10:51:13,891] INFO [Broker id=1] Leader __consumer_offsets-6 with topic id Some(Zzjc_XYbTjW1KHm-OBpG_w) starts at leader epoch 18 from offset 0 with partition epoch 18, high watermark 0, ISR [1], adding replicas [] and removing replicas [] . Previous leader Some(-1) and previous leader epoch was 17. (state.change.logger)
[2025-10-23 10:51:13,896] INFO [Broker id=1] Leader __consumer_offsets-35 with topic id Some(Zzjc_XYbTjW1KHm-OBpG_w) starts at leader epoch 18 from offset 0 with partition epoch 18, high watermark 0, ISR [1], adding replicas [] and removing replicas [] . Previous leader Some(-1) and previous leader epoch was 17. (state.change.logger)
[2025-10-23 10:51:13,900] INFO [Broker id=1] Leader __consumer_offsets-2 with topic id Some(Zzjc_XYbTjW1KHm-OBpG_w) starts at leader epoch 18 from offset 0 with partition epoch 18, high watermark 0, ISR [1], adding replicas [] and removing replicas [] . Previous leader Some(-1) and previous leader epoch was 17. (state.change.logger)
[2025-10-23 10:55:29,367] INFO [Broker id=1] Transitioning 62 partition(s) to local followers. (state.change.logger)
[2025-10-23 10:55:29,367] INFO [Broker id=1] Follower __consumer_offsets-13 starts at leader epoch 19 from offset 0 with partition epoch 19 and high watermark 0. Current leader is -1. Previous leader Some(-1) and previous leader epoch was 19. (state.change.logger)
[2025-10-23 10:55:29,367] INFO [Broker id=1] Follower __consumer_offsets-46 starts at leader epoch 19 from offset 0 with partition epoch 19 and high watermark 0. Current leader is -1. Previous leader Some(-1) and previous leader epoch was 19. (state.change.logger)
[2025-10-23 10:55:29,367] INFO [Broker id=1] Follower __consumer_offsets-9 starts at leader epoch 19 from offset 0 with partition epoch 19 and high watermark 0. Current leader is -1. Previous leader Some(-1) and previous leader epoch was 19. (state.change.logger)
[2025-10-23 10:55:29,367] INFO [Broker id=1] Follower __consumer_offsets-42 starts at leader epoch 19 from offset 0 with partition epoch 19 and high watermark 0. Current leader is -1. Previous leader Some(-1) and previous leader epoch was 19. (state.change.logger)
[2025-10-23 10:55:29,367] INFO [Broker id=1] Follower __consumer_offsets-21 starts at leader epoch 19 from offset 0 with partition epoch 19 and high watermark 0. Current leader is -1. Previous leader Some(-1) and previous leader epoch was 19. (state.change.logger)
[2025-10-23 10:55:29,367] INFO [Broker id=1] Follower __consumer_offsets-17 starts at leader epoch 19 from offset 0 with partition epoch 19 and high watermark 0. Current leader is -1. Previous leader Some(-1) and previous leader epoch was 19. (state.change.logger)
[2025-10-23 10:55:29,367] INFO [Broker id=1] Follower monitor-registro-0 starts at leader epoch 5 from offset 15 with partition epoch 5 and high watermark 15. Current leader is -1. Previous leader Some(-1) and previous leader epoch was 5. (state.change.logger)
[2025-10-23 10:55:29,367] INFO [Broker id=1] Follower SD-0 starts at leader epoch 19 from offset 6 with partition epoch 19 and high watermark 6. Current leader is -1. Previous leader Some(-1) and previous leader epoch was 19. (state.change.logger)
[2025-10-23 10:55:29,367] INFO [Broker id=1] Follower __consumer_offsets-30 starts at leader epoch 19 from offset 0 with partition epoch 19 and high watermark 0. Current leader is -1. Previous leader Some(-1) and previous leader epoch was 19. (state.change.logger)
[2025-10-23 10:55:29,367] INFO [Broker id=1] Follower __consumer_offsets-26 starts at leader epoch 19 from offset 0 with partition epoch 19 and high watermark 0. Current leader is -1. Previous leader Some(-1) and previous leader epoch was 19. (state.change.logger)
[2025-10-23 10:55:29,367] INFO [Broker id=1] Follower __consumer_offsets-5 starts at leader epoch 19 from offset 12673 with partition epoch 19 and high watermark 12673. Current leader is -1. Previous leader Some(-1) and previous leader epoch was 19. (state.change.logger)
[2025-10-23 10:55:29,367] INFO [Broker id=1] Follower __consumer_offsets-38 starts at leader epoch 19 from offset 0 with partition epoch 19 and high watermark 0. Current leader is -1. Previous leader Some(-1) and previous leader epoch was 19. (state.change.logger)
[2025-10-23 10:55:29,367] INFO [Broker id=1] Follower __consumer_offsets-1 starts at leader epoch 19 from offset 0 with partition epoch 19 and high watermark 0. Current leader is -1. Previous leader Some(-1) and previous leader epoch was 19. (state.change.logger)
[2025-10-23 10:55:29,368] INFO [Broker id=1] Follower __consumer_offsets-34 starts at leader epoch 19 from offset 0 with partition epoch 19 and high watermark 0. Current leader is -1. Previous leader Some(-1) and previous leader epoch was 19. (state.change.logger)
[2025-10-23 10:55:29,368] INFO [Broker id=1] Follower __consumer_offsets-16 starts at leader epoch 19 from offset 0 with partition epoch 19 and high watermark 0. Current leader is -1. Previous leader Some(-1) and previous leader epoch was 19. (state.change.logger)
[2025-10-23 10:55:29,368] INFO [Broker id=1] Follower cp-registro-0 starts at leader epoch 7 from offset 22 with partition epoch 7 and high watermark 22. Current leader is -1. Previous leader Some(-1) and previous leader epoch was 7. (state.change.logger)
[2025-10-23 10:55:29,368] INFO [Broker id=1] Follower __consumer_offsets-45 starts at leader epoch 19 from offset 0 with partition epoch 19 and high watermark 0. Current leader is -1. Previous leader Some(-1) and previous leader epoch was 19. (state.change.logger)
[2025-10-23 10:55:29,368] INFO [Broker id=1] Follower fallo-cp-0 starts at leader epoch 7 from offset 31 with partition epoch 7 and high watermark 31. Current leader is -1. Previous leader Some(-1) and previous leader epoch was 7. (state.change.logger)
[2025-10-23 10:55:29,368] INFO [Broker id=1] Follower recuperacion-cp-0 starts at leader epoch 7 from offset 8 with partition epoch 7 and high watermark 8. Current leader is -1. Previous leader Some(-1) and previous leader epoch was 7. (state.change.logger)
[2025-10-23 10:55:29,368] INFO [Broker id=1] Follower __consumer_offsets-12 starts at leader epoch 19 from offset 0 with partition epoch 19 and high watermark 0. Current leader is -1. Previous leader Some(-1) and previous leader epoch was 19. (state.change.logger)
[2025-10-23 10:55:29,368] INFO [Broker id=1] Follower ticket-0 starts at leader epoch 3 from offset 5 with partition epoch 3 and high watermark 5. Current leader is -1. Previous leader Some(-1) and previous leader epoch was 3. (state.change.logger)
[2025-10-23 10:55:29,368] INFO [Broker id=1] Follower __consumer_offsets-41 starts at leader epoch 19 from offset 0 with partition epoch 19 and high watermark 0. Current leader is -1. Previous leader Some(-1) and previous leader epoch was 19. (state.change.logger)
[2025-10-23 10:55:29,368] INFO [Broker id=1] Follower __consumer_offsets-24 starts at leader epoch 19 from offset 0 with partition epoch 19 and high watermark 0. Current leader is -1. Previous leader Some(-1) and previous leader epoch was 19. (state.change.logger)
[2025-10-23 10:55:29,368] INFO [Broker id=1] Follower __consumer_offsets-20 starts at leader epoch 19 from offset 0 with partition epoch 19 and high watermark 0. Current leader is -1. Previous leader Some(-1) and previous leader epoch was 19. (state.change.logger)
[2025-10-23 10:55:29,368] INFO [Broker id=1] Follower __consumer_offsets-49 starts at leader epoch 19 from offset 0 with partition epoch 19 and high watermark 0. Current leader is -1. Previous leader Some(-1) and previous leader epoch was 19. (state.change.logger)
[2025-10-23 10:55:29,368] INFO [Broker id=1] Follower cp-autorizacion-0 starts at leader epoch 7 from offset 0 with partition epoch 7 and high watermark 0. Current leader is -1. Previous leader Some(-1) and previous leader epoch was 7. (state.change.logger)
[2025-10-23 10:55:29,368] INFO [Broker id=1] Follower __consumer_offsets-0 starts at leader epoch 19 from offset 0 with partition epoch 19 and high watermark 0. Current leader is -1. Previous leader Some(-1) and previous leader epoch was 19. (state.change.logger)
[2025-10-23 10:55:29,368] INFO [Broker id=1] Follower __consumer_offsets-29 starts at leader epoch 19 from offset 0 with partition epoch 19 and high watermark 0. Current leader is -1. Previous leader Some(-1) and previous leader epoch was 19. (state.change.logger)
[2025-10-23 10:55:29,368] INFO [Broker id=1] Follower __consumer_offsets-25 starts at leader epoch 19 from offset 0 with partition epoch 19 and high watermark 0. Current leader is -1. Previous leader Some(-1) and previous leader epoch was 19. (state.change.logger)
[2025-10-23 10:55:29,368] INFO [Broker id=1] Follower __consumer_offsets-8 starts at leader epoch 19 from offset 0 with partition epoch 19 and high watermark 0. Current leader is -1. Previous leader Some(-1) and previous leader epoch was 19. (state.change.logger)
[2025-10-23 10:55:29,368] INFO [Broker id=1] Follower __consumer_offsets-37 starts at leader epoch 19 from offset 0 with partition epoch 19 and high watermark 0. Current leader is -1. Previous leader Some(-1) and previous leader epoch was 19. (state.change.logger)
[2025-10-23 10:55:29,368] INFO [Broker id=1] Follower __consumer_offsets-4 starts at leader epoch 19 from offset 0 with partition epoch 19 and high watermark 0. Current leader is -1. Previous leader Some(-1) and previous leader epoch was 19. (state.change.logger)
[2025-10-23 10:55:29,368] INFO [Broker id=1] Follower __consumer_offsets-33 starts at leader epoch 19 from offset 0 with partition epoch 19 and high watermark 0. Current leader is -1. Previous leader Some(-1) and previous leader epoch was 19. (state.change.logger)
[2025-10-23 10:55:29,368] INFO [Broker id=1] Follower __consumer_offsets-15 starts at leader epoch 19 from offset 0 with partition epoch 19 and high watermark 0. Current leader is -1. Previous leader Some(-1) and previous leader epoch was 19. (state.change.logger)
[2025-10-23 10:55:29,369] INFO [Broker id=1] Follower __consumer_offsets-48 starts at leader epoch 19 from offset 0 with partition epoch 19 and high watermark 0. Current leader is -1. Previous leader Some(-1) and previous leader epoch was 19. (state.change.logger)
[2025-10-23 10:55:29,369] INFO [Broker id=1] Follower __consumer_offsets-11 starts at leader epoch 19 from offset 0 with partition epoch 19 and high watermark 0. Current leader is -1. Previous leader Some(-1) and previous leader epoch was 19. (state.change.logger)
[2025-10-23 10:55:29,369] INFO [Broker id=1] Follower __consumer_offsets-44 starts at leader epoch 19 from offset 0 with partition epoch 19 and high watermark 0. Current leader is -1. Previous leader Some(-1) and previous leader epoch was 19. (state.change.logger)
[2025-10-23 10:55:29,369] INFO [Broker id=1] Follower __consumer_offsets-23 starts at leader epoch 19 from offset 0 with partition epoch 19 and high watermark 0. Current leader is -1. Previous leader Some(-1) and previous leader epoch was 19. (state.change.logger)
[2025-10-23 10:55:29,369] INFO [Broker id=1] Follower __consumer_offsets-19 starts at leader epoch 19 from offset 0 with partition epoch 19 and high watermark 0. Current leader is -1. Previous leader Some(-1) and previous leader epoch was 19. (state.change.logger)
[2025-10-23 10:55:29,369] INFO [Broker id=1] Follower sistema-eventos-0 starts at leader epoch 7 from offset 36 with partition epoch 7 and high watermark 36. Current leader is -1. Previous leader Some(-1) and previous leader epoch was 7. (state.change.logger)
[2025-10-23 10:55:29,369] INFO [Broker id=1] Follower cp-estado-0 starts at leader epoch 7 from offset 12 with partition epoch 7 and high watermark 12. Current leader is -1. Previous leader Some(-1) and previous leader epoch was 7. (state.change.logger)
[2025-10-23 10:55:29,369] INFO [Broker id=1] Follower __consumer_offsets-32 starts at leader epoch 19 from offset 0 with partition epoch 19 and high watermark 0. Current leader is -1. Previous leader Some(-1) and previous leader epoch was 19. (state.change.logger)
[2025-10-23 10:55:29,369] INFO [Broker id=1] Follower __consumer_offsets-28 starts at leader epoch 19 from offset 0 with partition epoch 19 and high watermark 0. Current leader is -1. Previous leader Some(-1) and previous leader epoch was 19. (state.change.logger)
[2025-10-23 10:55:29,369] INFO [Broker id=1] Follower __consumer_offsets-7 starts at leader epoch 19 from offset 0 with partition epoch 19 and high watermark 0. Current leader is -1. Previous leader Some(-1) and previous leader epoch was 19. (state.change.logger)
[2025-10-23 10:55:29,369] INFO [Broker id=1] Follower __consumer_offsets-40 starts at leader epoch 19 from offset 0 with partition epoch 19 and high watermark 0. Current leader is -1. Previous leader Some(-1) and previous leader epoch was 19. (state.change.logger)
[2025-10-23 10:55:29,369] INFO [Broker id=1] Follower __consumer_offsets-3 starts at leader epoch 19 from offset 0 with partition epoch 19 and high watermark 0. Current leader is -1. Previous leader Some(-1) and previous leader epoch was 19. (state.change.logger)
[2025-10-23 10:55:29,369] INFO [Broker id=1] Follower __consumer_offsets-36 starts at leader epoch 19 from offset 0 with partition epoch 19 and high watermark 0. Current leader is -1. Previous leader Some(-1) and previous leader epoch was 19. (state.change.logger)
[2025-10-23 10:55:29,369] INFO [Broker id=1] Follower __consumer_offsets-47 starts at leader epoch 19 from offset 0 with partition epoch 19 and high watermark 0. Current leader is -1. Previous leader Some(-1) and previous leader epoch was 19. (state.change.logger)
[2025-10-23 10:55:29,369] INFO [Broker id=1] Follower __consumer_offsets-14 starts at leader epoch 19 from offset 0 with partition epoch 19 and high watermark 0. Current leader is -1. Previous leader Some(-1) and previous leader epoch was 19. (state.change.logger)
[2025-10-23 10:55:29,369] INFO [Broker id=1] Follower __consumer_offsets-43 starts at leader epoch 19 from offset 0 with partition epoch 19 and high watermark 0. Current leader is -1. Previous leader Some(-1) and previous leader epoch was 19. (state.change.logger)
[2025-10-23 10:55:29,369] INFO [Broker id=1] Follower __consumer_offsets-10 starts at leader epoch 19 from offset 0 with partition epoch 19 and high watermark 0. Current leader is -1. Previous leader Some(-1) and previous leader epoch was 19. (state.change.logger)
[2025-10-23 10:55:29,369] INFO [Broker id=1] Follower actualizacion-recarga-0 starts at leader epoch 7 from offset 265 with partition epoch 7 and high watermark 265. Current leader is -1. Previous leader Some(-1) and previous leader epoch was 7. (state.change.logger)
[2025-10-23 10:55:29,369] INFO [Broker id=1] Follower __consumer_offsets-22 starts at leader epoch 19 from offset 0 with partition epoch 19 and high watermark 0. Current leader is -1. Previous leader Some(-1) and previous leader epoch was 19. (state.change.logger)
[2025-10-23 10:55:29,369] INFO [Broker id=1] Follower central-to-monitor-0 starts at leader epoch 5 from offset 15 with partition epoch 5 and high watermark 15. Current leader is -1. Previous leader Some(-1) and previous leader epoch was 5. (state.change.logger)
[2025-10-23 10:55:29,369] INFO [Broker id=1] Follower __consumer_offsets-18 starts at leader epoch 19 from offset 4 with partition epoch 19 and high watermark 4. Current leader is -1. Previous leader Some(-1) and previous leader epoch was 19. (state.change.logger)
[2025-10-23 10:55:29,369] INFO [Broker id=1] Follower __consumer_offsets-31 starts at leader epoch 19 from offset 0 with partition epoch 19 and high watermark 0. Current leader is -1. Previous leader Some(-1) and previous leader epoch was 19. (state.change.logger)
[2025-10-23 10:55:29,369] INFO [Broker id=1] Follower central-to-cp-0 starts at leader epoch 7 from offset 340 with partition epoch 7 and high watermark 340. Current leader is -1. Previous leader Some(-1) and previous leader epoch was 7. (state.change.logger)
[2025-10-23 10:55:29,370] INFO [Broker id=1] Follower __consumer_offsets-27 starts at leader epoch 19 from offset 0 with partition epoch 19 and high watermark 0. Current leader is -1. Previous leader Some(-1) and previous leader epoch was 19. (state.change.logger)
[2025-10-23 10:55:29,370] INFO [Broker id=1] Follower __consumer_offsets-39 starts at leader epoch 19 from offset 0 with partition epoch 19 and high watermark 0. Current leader is -1. Previous leader Some(-1) and previous leader epoch was 19. (state.change.logger)
[2025-10-23 10:55:29,370] INFO [Broker id=1] Follower __consumer_offsets-6 starts at leader epoch 19 from offset 0 with partition epoch 19 and high watermark 0. Current leader is -1. Previous leader Some(-1) and previous leader epoch was 19. (state.change.logger)
[2025-10-23 10:55:29,370] INFO [Broker id=1] Follower __consumer_offsets-35 starts at leader epoch 19 from offset 0 with partition epoch 19 and high watermark 0. Current leader is -1. Previous leader Some(-1) and previous leader epoch was 19. (state.change.logger)
[2025-10-23 10:55:29,370] INFO [Broker id=1] Follower __consumer_offsets-2 starts at leader epoch 19 from offset 0 with partition epoch 19 and high watermark 0. Current leader is -1. Previous leader Some(-1) and previous leader epoch was 19. (state.change.logger)
[2025-10-23 10:55:29,373] INFO [Broker id=1] Stopped fetchers as part of controlled shutdown for 62 partitions (state.change.logger)
